2025-03-30 21:33:52,737 [INFO] Activator:176 - 


2025-03-30 21:33:52,744 [INFO] Activator:177 - !SESSION log4j initialized
2025-03-30 21:34:00,401 [INFO] LogOutputStream:77 - [STDOUT_REDIRECT] 
2025-03-30 21:34:01,568 [INFO] ApplicationProperties:184 - Using Application install path: J:\Joel\STM\STM32CubeIDE_1.17.0\STM32CubeIDE\plugins\com.st.stm32cube.common.mx_6.14.0.202502271554
2025-03-30 21:34:01,590 [INFO] DbMcusXml:78 - Set database path to: J:\Joel\STM\STM32CubeIDE_1.17.0\STM32CubeIDE\plugins\com.st.stm32cube.common.mx_6.14.0.202502271554\\db\/mcu/
2025-03-30 21:34:01,591 [INFO] ApiDb:274 - Set plugin database path to: J:\Joel\STM\STM32CubeIDE_1.17.0\STM32CubeIDE\plugins\com.st.stm32cube.common.mx_6.14.0.202502271554\\db\/plugins/boardmanager/
2025-03-30 21:34:01,591 [WARN] ApiDb:259 - Overriding images path with different value:  => J:\Joel\STM\STM32CubeIDE_1.17.0\STM32CubeIDE\plugins\com.st.stm32cube.common.mx_6.14.0.202502271554\\db\/plugins/mcufinder/images/
2025-03-30 21:34:01,602 [INFO] ApiDb:250 - Set database path to: C:\Users\joelj\.stmcufinder\plugins\mcufinder//mcu/
2025-03-30 21:34:01,603 [INFO] DbMcusAds:125 - Set database path to: C:\Users\joelj\.stmcufinder\plugins\mcufinder//mcu/
2025-03-30 21:34:01,607 [INFO] CrossReferenceDbSqlite:203 - Set database path to: C:\Users\joelj\.stmcufinder\plugins\mcufinder//mcu/cs/
2025-03-30 21:34:01,742 [INFO] RulesReader:64 - Compatibility file has been processed (301 Rules)
2025-03-30 21:34:01,853 [INFO] DbMcusXml:78 - Set database path to: J:\Joel\STM\STM32CubeIDE_1.17.0\STM32CubeIDE\plugins\com.st.stm32cube.common.mx_6.14.0.202502271554\\db\/mcu/
2025-03-30 21:34:01,854 [INFO] ApiDb:274 - Set plugin database path to: J:\Joel\STM\STM32CubeIDE_1.17.0\STM32CubeIDE\plugins\com.st.stm32cube.common.mx_6.14.0.202502271554\\db\/plugins/boardmanager/
2025-03-30 21:34:01,854 [INFO] ApiDb:261 - Set plugin images path to: J:\Joel\STM\STM32CubeIDE_1.17.0\STM32CubeIDE\plugins\com.st.stm32cube.common.mx_6.14.0.202502271554\\db\/plugins/mcufinder/images/
2025-03-30 21:34:01,854 [WARN] DbFile:41 - Overriding database path with different value: C:\Users\joelj\.stmcufinder\plugins\mcufinder/ => C:\Users\joelj\.stmcufinder\plugins\mcufinder
2025-03-30 21:34:01,854 [INFO] ApiDb:250 - Set database path to: C:\Users\joelj\.stmcufinder\plugins\mcufinder//mcu/
2025-03-30 21:34:01,854 [WARN] DbFile:41 - Overriding database path with different value: C:\Users\joelj\.stmcufinder\plugins\mcufinder/ => C:\Users\joelj\.stmcufinder\plugins\mcufinder
2025-03-30 21:34:01,855 [INFO] DbMcusAds:125 - Set database path to: C:\Users\joelj\.stmcufinder\plugins\mcufinder//mcu/
2025-03-30 21:34:01,855 [WARN] DbFile:41 - Overriding database path with different value: C:\Users\joelj\.stmcufinder\plugins\mcufinder/ => C:\Users\joelj\.stmcufinder\plugins\mcufinder
2025-03-30 21:34:01,855 [WARN] DbFile:41 - Overriding database path with different value: C:\Users\joelj\.stmcufinder\plugins\mcufinder/ => C:\Users\joelj\.stmcufinder\plugins\mcufinder
2025-03-30 21:34:01,855 [INFO] CrossReferenceDbSqlite:203 - Set database path to: C:\Users\joelj\.stmcufinder\plugins\mcufinder//mcu/cs/
2025-03-30 21:34:01,951 [INFO] MainPanel:272 - HeapMemory: 268435456
2025-03-30 21:34:02,087 [INFO] DbMcusXml:78 - Set database path to: J:\Joel\STM\STM32CubeIDE_1.17.0\STM32CubeIDE\plugins\com.st.stm32cube.common.mx_6.14.0.202502271554\\db\/mcu/
2025-03-30 21:34:02,087 [INFO] ApiDb:274 - Set plugin database path to: J:\Joel\STM\STM32CubeIDE_1.17.0\STM32CubeIDE\plugins\com.st.stm32cube.common.mx_6.14.0.202502271554\\db\/plugins/boardmanager/
2025-03-30 21:34:02,087 [INFO] ApiDb:261 - Set plugin images path to: J:\Joel\STM\STM32CubeIDE_1.17.0\STM32CubeIDE\plugins\com.st.stm32cube.common.mx_6.14.0.202502271554\\db\/plugins/mcufinder/images/
2025-03-30 21:34:02,087 [WARN] DbFile:41 - Overriding database path with different value: C:\Users\joelj\.stmcufinder\plugins\mcufinder/ => C:\Users\joelj\.stmcufinder\plugins\mcufinder
2025-03-30 21:34:02,089 [INFO] ApiDb:250 - Set database path to: C:\Users\joelj\.stmcufinder\plugins\mcufinder//mcu/
2025-03-30 21:34:02,089 [WARN] DbFile:41 - Overriding database path with different value: C:\Users\joelj\.stmcufinder\plugins\mcufinder/ => C:\Users\joelj\.stmcufinder\plugins\mcufinder
2025-03-30 21:34:02,089 [INFO] DbMcusAds:125 - Set database path to: C:\Users\joelj\.stmcufinder\plugins\mcufinder//mcu/
2025-03-30 21:34:02,089 [WARN] DbFile:41 - Overriding database path with different value: C:\Users\joelj\.stmcufinder\plugins\mcufinder/ => C:\Users\joelj\.stmcufinder\plugins\mcufinder
2025-03-30 21:34:02,089 [WARN] DbFile:41 - Overriding database path with different value: C:\Users\joelj\.stmcufinder\plugins\mcufinder/ => C:\Users\joelj\.stmcufinder\plugins\mcufinder
2025-03-30 21:34:02,089 [INFO] CrossReferenceDbSqlite:203 - Set database path to: C:\Users\joelj\.stmcufinder\plugins\mcufinder//mcu/cs/
2025-03-30 21:34:02,112 [INFO] ApplicationProperties:184 - Using Application install path: J:\Joel\STM\STM32CubeIDE_1.17.0\STM32CubeIDE\plugins\com.st.stm32cube.common.mx_6.14.0.202502271554
2025-03-30 21:34:02,113 [INFO] PluginManage:196 - Search for loadable plugins [exclusion list=, ]
2025-03-30 21:34:02,115 [INFO] PluginManage:310 - Check plugin analytics
2025-03-30 21:34:02,327 [INFO] AnalyticsPlugin:253 - Accepted Software Licenses: 
2025-03-30 21:34:02,327 [INFO] AnalyticsPlugin:255 - Accepted CMSIS Pack Licenses: STMicroelectronics.X-CUBE-AI.9.1.0,STMicroelectronics.X-CUBE-AI.10.0.0
2025-03-30 21:34:02,327 [INFO] AnalyticsPlugin:257 - Accepted Firmware Licenses: FW.F4.1.28.0,FW.L4.1.18.0,FW.F7.1.17.0
2025-03-30 21:34:02,332 [INFO] PluginManage:359 - Loaded plugin analytics (category:tool,tabindex:-1)
2025-03-30 21:34:02,332 [INFO] PluginManage:310 - Check plugin cadmodel
2025-03-30 21:34:02,340 [INFO] CADModel:105 - Init CAD model plugin
2025-03-30 21:34:02,340 [INFO] PluginManage:359 - Loaded plugin cadmodel (category:power,tabindex:5)
2025-03-30 21:34:02,342 [INFO] PluginManage:310 - Check plugin clock
2025-03-30 21:34:02,354 [INFO] PluginManage:359 - Loaded plugin clock (category:base,tabindex:2)
2025-03-30 21:34:02,354 [INFO] PluginManage:310 - Check plugin ddr
2025-03-30 21:34:02,359 [INFO] PluginManage:359 - Loaded plugin ddr (category:tool,tabindex:6)
2025-03-30 21:34:02,359 [INFO] PluginManage:310 - Check plugin filemanager
2025-03-30 21:34:02,527 [INFO] PluginManage:359 - Loaded plugin filemanager (category:base,tabindex:10)
2025-03-30 21:34:02,527 [INFO] PluginManage:310 - Check plugin ipmanager
2025-03-30 21:34:02,536 [INFO] PluginManage:359 - Loaded plugin ipmanager (category:base,tabindex:5)
2025-03-30 21:34:02,536 [INFO] PluginManage:310 - Check plugin lpbam
2025-03-30 21:34:02,549 [INFO] PluginManage:359 - Loaded plugin lpbam (category:base,tabindex:0)
2025-03-30 21:34:02,549 [INFO] PluginManage:310 - Check plugin memorymap
2025-03-30 21:34:02,567 [INFO] PluginManage:359 - Loaded plugin memorymap (category:base,tabindex:4)
2025-03-30 21:34:02,567 [INFO] PluginManage:310 - Check plugin pinoutandconfiguration
2025-03-30 21:34:02,576 [INFO] PluginManage:359 - Loaded plugin pinoutandconfiguration (category:base,tabindex:1)
2025-03-30 21:34:02,577 [INFO] PluginManage:310 - Check plugin pinoutconfig
2025-03-30 21:34:02,680 [WARN] SupportedApi:132 - Cannot load RTOS API schema: s4s-elt-must-match.1: The content of 'definitions' must match (annotation?, (simpleType | complexType)?, (unique | key | keyref)*)). A problem was found starting at: attribute.
2025-03-30 21:34:02,827 [INFO] PluginManage:359 - Loaded plugin pinoutconfig (category:base,tabindex:0)
2025-03-30 21:34:02,827 [INFO] PluginManage:310 - Check plugin power
2025-03-30 21:34:02,837 [INFO] PluginManage:359 - Loaded plugin power (category:power,tabindex:4)
2025-03-30 21:34:02,837 [INFO] PluginManage:310 - Check plugin projectmanager
2025-03-30 21:34:02,855 [INFO] PluginManage:359 - Loaded plugin projectmanager (category:projectmanager,tabindex:4)
2025-03-30 21:34:02,855 [INFO] PluginManage:310 - Check plugin rif
2025-03-30 21:34:02,863 [INFO] PluginManage:359 - Loaded plugin rif (category:base,tabindex:3)
2025-03-30 21:34:02,864 [INFO] PluginManage:310 - Check plugin thirdparty
2025-03-30 21:34:03,020 [INFO] PluginManage:359 - Loaded plugin thirdparty (category:base,tabindex:-1)
2025-03-30 21:34:03,020 [INFO] PluginManage:310 - Check plugin tools
2025-03-30 21:34:03,020 [WARN] IntegrityCheckThread:84 - waiting for thirdparty lock release [integrity check]
2025-03-30 21:34:03,020 [INFO] IntegrityCheckThread:86 - entering critical section [integrity check]
2025-03-30 21:34:03,020 [INFO] ThirdPartyUpdaterWithRetryManager:70 - Updater plugin not ready yet. [1/15]
2025-03-30 21:34:03,024 [INFO] PluginManage:359 - Loaded plugin tools (category:base,tabindex:7)
2025-03-30 21:34:03,024 [INFO] PluginManage:310 - Check plugin tutovideos
2025-03-30 21:34:03,236 [INFO] PluginManage:359 - Loaded plugin tutovideos (category:base,tabindex:-1)
2025-03-30 21:34:03,236 [INFO] PluginManage:310 - Check plugin updater
2025-03-30 21:34:03,263 [INFO] PluginManage:359 - Loaded plugin updater (category:base,tabindex:12)
2025-03-30 21:34:03,263 [INFO] PluginManage:310 - Check plugin userauth
2025-03-30 21:34:03,269 [INFO] UserAuth:118 - Init User Auth plugin
2025-03-30 21:34:03,270 [INFO] PluginManage:359 - Loaded plugin userauth (category:base,tabindex:14)
2025-03-30 21:34:03,270 [INFO] PluginManage:283 - PluginManage : Loaded plugins [18]
2025-03-30 21:34:03,545 [INFO] PinOutPanel:1589 - setPackage(No Configuration,No Configuration)
2025-03-30 21:34:03,640 [INFO] CADModel:165 - CPN selected for project level
2025-03-30 21:34:03,640 [INFO] CADModel:114 - Register for checkConnection events
2025-03-30 21:34:03,660 [INFO] IPUIPlugin:80 - create IPUIPlugin
2025-03-30 21:34:03,660 [INFO] PluginManager:220 - loadIPPluginJar : add adc
2025-03-30 21:34:03,664 [INFO] IPUIPlugin:80 - create IPUIPlugin
2025-03-30 21:34:03,664 [INFO] PluginManager:220 - loadIPPluginJar : add aes
2025-03-30 21:34:03,667 [INFO] IPUIPlugin:80 - create IPUIPlugin
2025-03-30 21:34:03,667 [INFO] PluginManager:220 - loadIPPluginJar : add can
2025-03-30 21:34:03,669 [INFO] IPUIPlugin:80 - create IPUIPlugin
2025-03-30 21:34:03,669 [INFO] PluginManager:220 - loadIPPluginJar : add comp
2025-03-30 21:34:03,671 [INFO] IPUIPlugin:80 - create IPUIPlugin
2025-03-30 21:34:03,671 [INFO] PluginManager:220 - loadIPPluginJar : add cryp
2025-03-30 21:34:03,677 [INFO] IPUIPlugin:80 - create IPUIPlugin
2025-03-30 21:34:03,677 [INFO] PluginManager:220 - loadIPPluginJar : add ddr_ctrl_phy
2025-03-30 21:34:03,680 [INFO] IPUIPlugin:80 - create IPUIPlugin
2025-03-30 21:34:03,680 [INFO] PluginManager:220 - loadIPPluginJar : add dfsdm
2025-03-30 21:34:03,687 [INFO] IPUIPlugin:80 - create IPUIPlugin
2025-03-30 21:34:03,688 [INFO] PluginManager:220 - loadIPPluginJar : add dma
2025-03-30 21:34:03,690 [INFO] IPUIPlugin:80 - create IPUIPlugin
2025-03-30 21:34:03,690 [INFO] PluginManager:220 - loadIPPluginJar : add dma3
2025-03-30 21:34:03,694 [INFO] IPUIPlugin:80 - create IPUIPlugin
2025-03-30 21:34:03,694 [INFO] PluginManager:220 - loadIPPluginJar : add extmemmanager
2025-03-30 21:34:03,696 [INFO] IPUIPlugin:80 - create IPUIPlugin
2025-03-30 21:34:03,696 [INFO] PluginManager:220 - loadIPPluginJar : add fatfs
2025-03-30 21:34:03,702 [INFO] IPUIPlugin:80 - create IPUIPlugin
2025-03-30 21:34:03,702 [INFO] PluginManager:220 - loadIPPluginJar : add fmc
2025-03-30 21:34:03,709 [INFO] IPUIPlugin:80 - create IPUIPlugin
2025-03-30 21:34:03,709 [INFO] PluginManager:220 - loadIPPluginJar : add freertos
2025-03-30 21:34:03,710 [INFO] IPUIPlugin:80 - create IPUIPlugin
2025-03-30 21:34:03,710 [INFO] PluginManager:220 - loadIPPluginJar : add genericplugin
2025-03-30 21:34:03,712 [INFO] IPUIPlugin:80 - create IPUIPlugin
2025-03-30 21:34:03,712 [INFO] PluginManager:220 - loadIPPluginJar : add gfxmmu
2025-03-30 21:34:03,717 [INFO] IPUIPlugin:80 - create IPUIPlugin
2025-03-30 21:34:03,717 [INFO] PluginManager:220 - loadIPPluginJar : add gic
2025-03-30 21:34:03,720 [INFO] IPUIPlugin:80 - create IPUIPlugin
2025-03-30 21:34:03,720 [INFO] PluginManager:220 - loadIPPluginJar : add gpio
2025-03-30 21:34:03,723 [INFO] IPUIPlugin:80 - create IPUIPlugin
2025-03-30 21:34:03,723 [INFO] PluginManager:220 - loadIPPluginJar : add gtzc
2025-03-30 21:34:03,726 [INFO] IPUIPlugin:80 - create IPUIPlugin
2025-03-30 21:34:03,726 [INFO] PluginManager:220 - loadIPPluginJar : add hash
2025-03-30 21:34:03,728 [INFO] IPUIPlugin:80 - create IPUIPlugin
2025-03-30 21:34:03,728 [INFO] PluginManager:220 - loadIPPluginJar : add i2c
2025-03-30 21:34:03,731 [INFO] IPUIPlugin:80 - create IPUIPlugin
2025-03-30 21:34:03,731 [INFO] PluginManager:220 - loadIPPluginJar : add i2s
2025-03-30 21:34:03,733 [INFO] IPUIPlugin:80 - create IPUIPlugin
2025-03-30 21:34:03,734 [INFO] PluginManager:220 - loadIPPluginJar : add i3c
2025-03-30 21:34:03,737 [INFO] IPUIPlugin:80 - create IPUIPlugin
2025-03-30 21:34:03,737 [INFO] PluginManager:220 - loadIPPluginJar : add ipddr
2025-03-30 21:34:03,745 [INFO] IPUIPlugin:80 - create IPUIPlugin
2025-03-30 21:34:03,745 [INFO] PluginManager:220 - loadIPPluginJar : add linkedlist
2025-03-30 21:34:03,749 [INFO] IPUIPlugin:80 - create IPUIPlugin
2025-03-30 21:34:03,749 [INFO] PluginManager:220 - loadIPPluginJar : add lorawan
2025-03-30 21:34:03,750 [INFO] IPUIPlugin:80 - create IPUIPlugin
2025-03-30 21:34:03,750 [INFO] PluginManager:220 - loadIPPluginJar : add ltdc
2025-03-30 21:34:03,757 [INFO] IPUIPlugin:80 - create IPUIPlugin
2025-03-30 21:34:03,757 [INFO] PluginManager:220 - loadIPPluginJar : add mdma
2025-03-30 21:34:03,762 [INFO] IPUIPlugin:80 - create IPUIPlugin
2025-03-30 21:34:03,762 [INFO] PluginManager:220 - loadIPPluginJar : add nvic
2025-03-30 21:34:03,765 [INFO] IPUIPlugin:80 - create IPUIPlugin
2025-03-30 21:34:03,766 [INFO] PluginManager:220 - loadIPPluginJar : add opamp
2025-03-30 21:34:03,769 [INFO] IPUIPlugin:80 - create IPUIPlugin
2025-03-30 21:34:03,770 [INFO] PluginManager:220 - loadIPPluginJar : add openamp
2025-03-30 21:34:03,774 [INFO] IPUIPlugin:80 - create IPUIPlugin
2025-03-30 21:34:03,774 [INFO] PluginManager:220 - loadIPPluginJar : add pdm2pcm
2025-03-30 21:34:03,781 [INFO] IPUIPlugin:80 - create IPUIPlugin
2025-03-30 21:34:03,784 [INFO] PluginManager:220 - loadIPPluginJar : add plateformsettings
2025-03-30 21:34:03,787 [INFO] IPUIPlugin:80 - create IPUIPlugin
2025-03-30 21:34:03,787 [INFO] PluginManager:220 - loadIPPluginJar : add quadspi
2025-03-30 21:34:03,789 [INFO] IPUIPlugin:80 - create IPUIPlugin
2025-03-30 21:34:03,790 [INFO] PluginManager:220 - loadIPPluginJar : add radio
2025-03-30 21:34:03,795 [INFO] IPUIPlugin:80 - create IPUIPlugin
2025-03-30 21:34:03,795 [INFO] PluginManager:220 - loadIPPluginJar : add resmgrutility
2025-03-30 21:34:03,798 [INFO] IPUIPlugin:80 - create IPUIPlugin
2025-03-30 21:34:03,798 [INFO] PluginManager:220 - loadIPPluginJar : add sai
2025-03-30 21:34:03,801 [INFO] IPUIPlugin:80 - create IPUIPlugin
2025-03-30 21:34:03,801 [INFO] PluginManager:220 - loadIPPluginJar : add spi
2025-03-30 21:34:03,807 [INFO] IPUIPlugin:80 - create IPUIPlugin
2025-03-30 21:34:03,807 [INFO] PluginManager:220 - loadIPPluginJar : add stm32_wpan
2025-03-30 21:34:03,810 [INFO] IPUIPlugin:80 - create IPUIPlugin
2025-03-30 21:34:03,810 [INFO] PluginManager:220 - loadIPPluginJar : add tim
2025-03-30 21:34:03,813 [INFO] IPUIPlugin:80 - create IPUIPlugin
2025-03-30 21:34:03,813 [INFO] PluginManager:220 - loadIPPluginJar : add touchsensing
2025-03-30 21:34:03,815 [INFO] IPUIPlugin:80 - create IPUIPlugin
2025-03-30 21:34:03,816 [INFO] PluginManager:220 - loadIPPluginJar : add tracer_emb
2025-03-30 21:34:03,818 [INFO] IPUIPlugin:80 - create IPUIPlugin
2025-03-30 21:34:03,818 [INFO] PluginManager:220 - loadIPPluginJar : add ts
2025-03-30 21:34:03,820 [INFO] IPUIPlugin:80 - create IPUIPlugin
2025-03-30 21:34:03,820 [INFO] PluginManager:220 - loadIPPluginJar : add tsc
2025-03-30 21:34:03,822 [INFO] IPUIPlugin:80 - create IPUIPlugin
2025-03-30 21:34:03,822 [INFO] PluginManager:220 - loadIPPluginJar : add ucpd
2025-03-30 21:34:03,825 [INFO] IPUIPlugin:80 - create IPUIPlugin
2025-03-30 21:34:03,825 [INFO] PluginManager:220 - loadIPPluginJar : add usart
2025-03-30 21:34:03,829 [INFO] IPUIPlugin:80 - create IPUIPlugin
2025-03-30 21:34:03,829 [INFO] PluginManager:220 - loadIPPluginJar : add usbx
2025-03-30 21:34:03,969 [FATAL] Updater:351 - Updater called before beeing initialized
2025-03-30 21:34:04,004 [INFO] RulesReader:64 - Compatibility file has been processed (301 Rules)
2025-03-30 21:34:04,030 [INFO] RulesReader:64 - Compatibility file has been processed (301 Rules)
2025-03-30 21:34:04,043 [INFO] CADModel:165 - CPN selected for project level
2025-03-30 21:34:04,043 [INFO] CADModel:114 - Register for checkConnection events
2025-03-30 21:34:04,043 [FATAL] Updater:351 - Updater called before beeing initialized
2025-03-30 21:34:04,043 [ERROR] CADModel:125 - Updater not yet initialized, retry later 
2025-03-30 21:34:04,243 [FATAL] Updater:351 - Updater called before beeing initialized
2025-03-30 21:34:04,244 [INFO] CADModel:165 - CPN selected for project level
2025-03-30 21:34:04,244 [INFO] CADModel:114 - Register for checkConnection events
2025-03-30 21:34:04,244 [FATAL] Updater:351 - Updater called before beeing initialized
2025-03-30 21:34:04,244 [ERROR] CADModel:125 - Updater not yet initialized, retry later 
2025-03-30 21:34:04,248 [FATAL] Updater:351 - Updater called before beeing initialized
2025-03-30 21:34:04,367 [FATAL] Updater:351 - Updater called before beeing initialized
2025-03-30 21:34:04,373 [INFO] DbMcusAds:53 - JSON generation date=Thu Mar 06 20:24:21 IST 2025 (1741272861825)
2025-03-30 21:34:04,373 [FATAL] Updater:351 - Updater called before beeing initialized
2025-03-30 21:34:04,417 [WARN] DetailPanel:346 - Failed to get advertising image, set to default
2025-03-30 21:34:04,698 [FATAL] Updater:351 - Updater called before beeing initialized
2025-03-30 21:34:04,700 [FATAL] Updater:351 - Updater called before beeing initialized
2025-03-30 21:34:04,700 [FATAL] Updater:351 - Updater called before beeing initialized
2025-03-30 21:34:04,700 [WARN] DetailPanel:346 - Failed to get advertising image, set to default
2025-03-30 21:34:04,701 [FATAL] Updater:351 - Updater called before beeing initialized
2025-03-30 21:34:04,754 [ERROR] Updater:1198 - MainUpdater not yet initialized. External WinMGr cannot be set.
2025-03-30 21:34:04,756 [INFO] Updater:1134 - Updater Version found : 6.14.0
2025-03-30 21:34:04,778 [INFO] ApplicationProperties:184 - Using Application install path: J:\Joel\STM\STM32CubeIDE_1.17.0\STM32CubeIDE\plugins\com.st.stm32cube.common.mx_6.14.0.202502271554
2025-03-30 21:34:06,023 [INFO] ThirdPartyUpdaterWithRetryManager:70 - Updater plugin not ready yet. [2/15]
2025-03-30 21:34:06,363 [ERROR] LogOutputStream:75 - [STDERR_REDIRECT] Mar 30, 2025 9:34:06 PM java.util.prefs.WindowsPreferences <init>
2025-03-30 21:34:06,365 [ERROR] LogOutputStream:75 - [STDERR_REDIRECT] WARNING: Could not open/create prefs root node Software\JavaSoft\Prefs at root 0xffffffff80000002. Windows RegCreateKeyEx(...) returned error code 5.
2025-03-30 21:34:06,365 [ERROR] LogOutputStream:75 - [STDERR_REDIRECT] 
2025-03-30 21:34:06,974 [INFO] MainUpdater:2872 - connection check result : 10
2025-03-30 21:34:06,976 [INFO] MainUpdater:3566 - Updater definition file requires update
2025-03-30 21:34:06,977 [INFO] MainUpdater:289 - Updater Check For Update Now.
2025-03-30 21:34:06,977 [INFO] MicroXplorer:498 - Change Database Version : DB.6.0.140
2025-03-30 21:34:06,986 [INFO] McuFinderGlobals:63 - Set McuFinder mode to 2 (CubeIDE integrated)
2025-03-30 21:34:06,988 [INFO] UserAuth:486 - Internet connection configuration mode: 1
2025-03-30 21:34:07,017 [INFO] JxBrowserEngine:152 - Initiate JxBrowser Engine with user profile folder
2025-03-30 21:34:07,194 [INFO] ServerAccessManage:473 - Download File updaters.zip
2025-03-30 21:34:07,318 [INFO] FileExtend:242 - Unzip File : updaters.zip
2025-03-30 21:34:07,318 [INFO] FileExtend:257 - Standard Zip Deflate
2025-03-30 21:34:08,047 [INFO] ServerAccessManage:473 - Download File PacksControlFlags.xml
2025-03-30 21:34:08,629 [INFO] ServerAccessManage:473 - Download File cubemx.pidx
2025-03-30 21:34:09,024 [WARN] MainUpdater:1193 - Updater busy. Cannot search thirdparties
2025-03-30 21:34:09,025 [INFO] ThirdPartyUpdaterWithRetryManager:96 - Updater plugin is busy. [1/15]
2025-03-30 21:34:09,706 [INFO] ServerAccessManage:473 - Download File STMicroelectronics.X-CUBE-DPOWER.pdsc
2025-03-30 21:34:10,023 [ERROR] ServerAccessManage:1089 - Problem, file not found on Server
2025-03-30 21:34:10,067 [INFO] WebApp:169 - Instantiating new browser for Auth
2025-03-30 21:34:10,134 [ERROR] ServerAccessManage:1089 - Problem, file not found on Server
2025-03-30 21:34:10,234 [ERROR] ServerAccessManage:1089 - Problem, file not found on Server
2025-03-30 21:34:10,680 [ERROR] ServerAccessManage:1089 - Problem, file not found on Server
2025-03-30 21:34:10,723 [ERROR] ServerAccessManage:1089 - Problem, file not found on Server
2025-03-30 21:34:10,840 [ERROR] ServerAccessManage:1089 - Problem, file not found on Server
2025-03-30 21:34:10,993 [ERROR] ServerAccessManage:1089 - Problem, file not found on Server
2025-03-30 21:34:11,075 [ERROR] ServerAccessManage:1089 - Problem, file not found on Server
2025-03-30 21:34:11,144 [ERROR] ServerAccessManage:1089 - Problem, file not found on Server
2025-03-30 21:34:11,178 [INFO] WebApp:463 - Apply proxy settings
2025-03-30 21:34:11,178 [INFO] WebApp:548 - Chromium requires no authentication
2025-03-30 21:34:11,189 [INFO] WebApp:491 - Direct internet connection detected
2025-03-30 21:34:11,216 [ERROR] ServerAccessManage:1089 - Problem, file not found on Server
2025-03-30 21:34:11,220 [INFO] WebApp:894 - Register for checkConnection events
2025-03-30 21:34:11,220 [INFO] WebApp:463 - Apply proxy settings
2025-03-30 21:34:11,220 [INFO] WebApp:548 - Chromium requires no authentication
2025-03-30 21:34:11,221 [INFO] WebApp:491 - Direct internet connection detected
2025-03-30 21:34:11,358 [ERROR] ServerAccessManage:1089 - Problem, file not found on Server
2025-03-30 21:34:11,525 [INFO] WebApp:191 - Connection restablished
2025-03-30 21:34:11,905 [INFO] WebApp:225 - Starting web application
2025-03-30 21:34:11,905 [INFO] WebApp:593 - Web application path used J:\Joel\STM\STM32CubeIDE_1.17.0\STM32CubeIDE\plugins\com.st.stm32cube.common.mx_6.14.0.202502271554\db\plugins\mcufinder\reactClient1\index.html
2025-03-30 21:34:12,030 [WARN] MainUpdater:1193 - Updater busy. Cannot search thirdparties
2025-03-30 21:34:12,030 [INFO] ThirdPartyUpdaterWithRetryManager:96 - Updater plugin is busy. [2/15]
2025-03-30 21:34:12,177 [INFO] UserAuth:486 - Internet connection configuration mode: 1
2025-03-30 21:34:12,329 [WARN] PackLoader:240 - Cannot read IP mode file for STMicroelectronics.X-CUBE-DPower.1.3.0
2025-03-30 21:34:12,332 [INFO] PopulateThirdPartyThread:66 - Ending populate Thread
2025-03-30 21:34:12,334 [INFO] ThirdParty:1030 - CMSIS Pack Vendor :STMicroelectronics X-CUBE-DPower 1.3.0
2025-03-30 21:34:12,334 [INFO] LoadServerUpdatesThread:375 - End of LoadServerUpdate Thread
2025-03-30 21:34:12,379 [INFO] CheckServerUpdateThread:120 - End of CheckServer Thread
2025-03-30 21:34:15,280 [WARN] PackLoader:240 - Cannot read IP mode file for STMicroelectronics.FP-SNS-MOTENVWB1.1.4.0
2025-03-30 21:34:15,287 [WARN] PackLoader:240 - Cannot read IP mode file for STMicroelectronics.FP-ATR-ASTRA1.2.0.2
2025-03-30 21:34:15,287 [WARN] PackLoader:240 - Cannot read IP mode file for STMicroelectronics.FP-ATR-ASTRA1.2.0.1
2025-03-30 21:34:15,296 [WARN] PackLoader:240 - Cannot read IP mode file for STMicroelectronics.X-CUBE-SMBUS.2.1.0
2025-03-30 21:34:15,304 [WARN] PackLoader:240 - Cannot read IP mode file for STMicroelectronics.X-CUBE-WB05N.1.1.0
2025-03-30 21:34:15,330 [WARN] PackLoader:240 - Cannot read IP mode file for STMicroelectronics.X-CUBE-AZRTOS-F7.1.1.0
2025-03-30 21:34:15,340 [WARN] PackLoader:240 - Cannot read IP mode file for STMicroelectronics.FP-SNS-FLIGHT1.5.0.2
2025-03-30 21:34:15,365 [WARN] PackLoader:240 - Cannot read IP mode file for Infineon.AIROC-Wi-Fi-Bluetooth-STM32.1.7.0
2025-03-30 21:34:15,380 [WARN] PackLoader:240 - Cannot read IP mode file for STMicroelectronics.X-CUBE-DISPLAY.3.0.0
2025-03-30 21:34:15,384 [WARN] PackLoader:240 - Cannot read IP mode file for STMicroelectronics.X-CUBE-BLE1.7.0.0
2025-03-30 21:34:15,395 [WARN] PackLoader:240 - Cannot read IP mode file for STMicroelectronics.X-CUBE-NFC10.1.0.0
2025-03-30 21:34:15,406 [WARN] PackLoader:240 - Cannot read IP mode file for STMicroelectronics.X-CUBE-BLEMGR.4.0.0
2025-03-30 21:34:15,419 [WARN] PackLoader:240 - Cannot read IP mode file for emotas.I-CUBE-CANOPEN.1.3.0
2025-03-30 21:34:15,422 [WARN] ConditionMgr:438 - getConditionDescription Invalid condition id : Cortex-A Device cause : null
2025-03-30 21:34:15,435 [WARN] ConditionMgr:1044 - genDependencies : Invalid condition id : Cortex-A Device cause : null
2025-03-30 21:34:15,435 [WARN] ConditionMgr:1044 - genDependencies : Invalid condition id : Cortex-A Device cause : null
2025-03-30 21:34:15,435 [WARN] ConditionMgr:1044 - genDependencies : Invalid condition id : Cortex-A Device cause : null
2025-03-30 21:34:15,443 [WARN] PackLoader:240 - Cannot read IP mode file for STMicroelectronics.X-CUBE-AI.10.0.0
2025-03-30 21:34:15,497 [WARN] PackLoader:240 - Cannot read IP mode file for STMicroelectronics.FP-SNS-SMARTAG2.1.2.0
2025-03-30 21:34:15,501 [WARN] PackLoader:240 - Cannot read IP mode file for STMicroelectronics.FP-SNS-FLIGHT1.5.1.0
2025-03-30 21:34:15,563 [WARN] PackLoader:240 - Cannot read IP mode file for STMicroelectronics.X-CUBE-MEMS1.11.1.0
2025-03-30 21:34:15,712 [INFO] LogOutputStream:77 - [STDOUT_REDIRECT] 1 : Invalid condition id : UX_CORESTACK_Condition cause : null
2025-03-30 21:34:15,712 [INFO] LogOutputStream:77 - [STDOUT_REDIRECT] 1 : Invalid condition id : UX_CORESTACK_Condition cause : null
2025-03-30 21:34:15,714 [INFO] LogOutputStream:77 - [STDOUT_REDIRECT] 1 : Invalid condition id : UX_CORESTACK_Condition cause : null
2025-03-30 21:34:15,716 [INFO] LogOutputStream:77 - [STDOUT_REDIRECT] 1 : Invalid condition id : UX_CORESTACK_Condition cause : null
2025-03-30 21:34:15,717 [INFO] LogOutputStream:77 - [STDOUT_REDIRECT] 1 : Invalid condition id : UX_CORESTACK_Condition cause : null
2025-03-30 21:34:15,720 [WARN] PackLoader:240 - Cannot read IP mode file for STMicroelectronics.X-CUBE-AZRTOS-WL.2.0.0
2025-03-30 21:34:15,726 [WARN] PackLoader:240 - Cannot read IP mode file for STMicroelectronics.FP-SNS-MOTENV1.5.0.0
2025-03-30 21:34:15,731 [WARN] PackLoader:240 - Cannot read IP mode file for wolfSSL.I-CUBE-wolfMQTT.1.19.0
2025-03-30 21:34:15,738 [WARN] PackLoader:240 - Cannot read IP mode file for WES.I-CUBE-Cesium.1.3.0
2025-03-30 21:34:15,743 [WARN] PackLoader:240 - Cannot read IP mode file for STMicroelectronics.X-CUBE-BLE2.3.3.0
2025-03-30 21:34:15,751 [WARN] PackLoader:240 - Cannot read IP mode file for STMicroelectronics.X-CUBE-NFC9.1.0.0
2025-03-30 21:34:15,757 [WARN] PackLoader:240 - Cannot read IP mode file for STMicroelectronics.X-CUBE-BLE1.7.1.0
2025-03-30 21:34:15,762 [WARN] PackLoader:240 - Cannot read IP mode file for wolfSSL.I-CUBE-wolfMQTT.1.19.2
2025-03-30 21:34:15,777 [WARN] PackLoader:240 - Cannot read IP mode file for STMicroelectronics.X-CUBE-AZRTOS-G0.1.1.0
2025-03-30 21:34:15,785 [WARN] PackLoader:240 - Cannot read IP mode file for STMicroelectronics.X-CUBE-SAFEA1.1.2.2
2025-03-30 21:34:15,792 [WARN] PackLoader:240 - Cannot read IP mode file for STMicroelectronics.X-CUBE-NFC4.3.0.0
2025-03-30 21:34:15,802 [WARN] PackLoader:240 - Cannot read IP mode file for EmbeddedOffice.I-CUBE-FS-RTOS.1.0.1
2025-03-30 21:34:15,806 [WARN] PackLoader:240 - Cannot read IP mode file for wolfSSL.I-CUBE-wolfTPM.3.8.0
2025-03-30 21:34:15,813 [WARN] PackLoader:240 - Cannot read IP mode file for STMicroelectronics.X-CUBE-TCPP.4.2.0
2025-03-30 21:34:15,820 [WARN] PackLoader:240 - Cannot read IP mode file for RealThread.X-CUBE-RT-Thread_Nano.4.1.1
2025-03-30 21:34:15,824 [WARN] PackLoader:240 - Cannot read IP mode file for STMicroelectronics.FP-ATR-SIGFOX1.3.2.0
2025-03-30 21:34:15,829 [WARN] ConditionMgr:438 - getConditionDescription Invalid condition id : Cortex-A Device cause : null
2025-03-30 21:34:15,835 [WARN] ConditionMgr:1044 - genDependencies : Invalid condition id : Cortex-A Device cause : null
2025-03-30 21:34:15,835 [WARN] ConditionMgr:1044 - genDependencies : Invalid condition id : Cortex-A Device cause : null
2025-03-30 21:34:15,835 [WARN] ConditionMgr:1044 - genDependencies : Invalid condition id : Cortex-A Device cause : null
2025-03-30 21:34:15,843 [WARN] PackLoader:240 - Cannot read IP mode file for STMicroelectronics.X-CUBE-EEPRMA1.5.1.0
2025-03-30 21:34:15,848 [WARN] PackLoader:240 - Cannot read IP mode file for wolfSSL.I-CUBE-wolfSSL.5.7.6
2025-03-30 21:34:15,856 [WARN] PackLoader:240 - Cannot read IP mode file for ITTIA_DB.I-CUBE-ITTIADB.8.9.0
2025-03-30 21:34:15,880 [WARN] PackLoader:240 - Cannot read IP mode file for SEGGER.I-CUBE-embOS.1.3.1
2025-03-30 21:34:15,911 [WARN] PackLoader:240 - Cannot read IP mode file for STMicroelectronics.X-CUBE-ALGOBUILD.1.4.0
2025-03-30 21:34:15,926 [WARN] PackLoader:240 - Cannot read IP mode file for STMicroelectronics.X-CUBE-AZRTOS-F4.1.1.0
2025-03-30 21:34:15,932 [WARN] PackLoader:240 - Cannot read IP mode file for STMicroelectronics.X-CUBE-ISPU.2.1.0
2025-03-30 21:34:15,947 [WARN] PackLoader:240 - Cannot read IP mode file for STMicroelectronics.X-CUBE-AZRTOS-L5.2.0.0
2025-03-30 21:34:15,959 [WARN] PackLoader:240 - Cannot read IP mode file for STMicroelectronics.X-CUBE-NFC6.3.1.0
2025-03-30 21:34:15,968 [WARN] PackLoader:240 - Cannot read IP mode file for STMicroelectronics.X-CUBE-DPower.1.2.0
2025-03-30 21:34:15,974 [WARN] PackLoader:240 - Cannot read IP mode file for STMicroelectronics.X-CUBE-FREERTOS.1.3.0
2025-03-30 21:34:15,979 [WARN] PackLoader:240 - Cannot read IP mode file for STMicroelectronics.X-CUBE-NFC7.1.0.1
2025-03-30 21:34:15,984 [WARN] PackLoader:240 - Cannot read IP mode file for STMicroelectronics.X-CUBE-DPower.1.3.0
2025-03-30 21:34:16,000 [WARN] ConditionMgr:438 - getConditionDescription Invalid condition id : LAN8742 Phy interface Condition cause : null
2025-03-30 21:34:16,000 [WARN] PackLoader:240 - Cannot read IP mode file for STMicroelectronics.X-CUBE-AZRTOS-L4.2.0.0
2025-03-30 21:34:16,001 [WARN] ConditionMgr:1044 - genDependencies : Invalid condition id : LAN8742 Phy interface Condition cause : null
2025-03-30 21:34:16,002 [WARN] ConditionMgr:1044 - genDependencies : Invalid condition id : LAN8742 Phy interface Condition cause : null
2025-03-30 21:34:16,002 [WARN] ConditionMgr:1044 - genDependencies : Invalid condition id : LAN8742 Phy interface Condition cause : null
2025-03-30 21:34:16,009 [WARN] PackLoader:240 - Cannot read IP mode file for STMicroelectronics.X-CUBE-SFXS2LP1.4.0.0
2025-03-30 21:34:16,025 [WARN] PackLoader:240 - Cannot read IP mode file for STMicroelectronics.X-CUBE-AZRTOS-H7.3.3.0
2025-03-30 21:34:16,039 [WARN] ConditionMgr:438 - getConditionDescription Invalid condition id : UX DEVICE CLASS RTOS Condition cause : null
2025-03-30 21:34:16,039 [WARN] ConditionMgr:438 - getConditionDescription Invalid condition id : UX DEVICE CLASS RTOS Condition cause : null
2025-03-30 21:34:16,040 [WARN] PackLoader:240 - Cannot read IP mode file for STMicroelectronics.X-CUBE-AZRTOS-WB.2.0.0
2025-03-30 21:34:16,041 [WARN] ConditionMgr:1044 - genDependencies : Invalid condition id : UX DEVICE CLASS RTOS Condition cause : null
2025-03-30 21:34:16,041 [WARN] ConditionMgr:1044 - genDependencies : Invalid condition id : UX DEVICE CLASS RTOS Condition cause : null
2025-03-30 21:34:16,041 [WARN] ConditionMgr:1044 - genDependencies : Invalid condition id : UX DEVICE CLASS RTOS Condition cause : null
2025-03-30 21:34:16,041 [WARN] ConditionMgr:1044 - genDependencies : Invalid condition id : UX DEVICE CLASS RTOS Condition cause : null
2025-03-30 21:34:16,041 [WARN] ConditionMgr:1044 - genDependencies : Invalid condition id : UX DEVICE CLASS RTOS Condition cause : null
2025-03-30 21:34:16,048 [WARN] PackLoader:240 - Cannot read IP mode file for STMicroelectronics.X-CUBE-GNSS1.7.0.1
2025-03-30 21:34:16,054 [WARN] PackLoader:240 - Cannot read IP mode file for STMicroelectronics.X-CUBE-TOUCHGFX.4.25.0
2025-03-30 21:34:16,063 [WARN] PackLoader:240 - Cannot read IP mode file for STMicroelectronics.FP-SNS-STBOX1.2.0.0
2025-03-30 21:34:16,075 [WARN] PackLoader:240 - Cannot read IP mode file for STMicroelectronics.X-CUBE-SUBG2.5.0.0
2025-03-30 21:34:16,095 [WARN] PackLoader:240 - Cannot read IP mode file for STMicroelectronics.X-CUBE-AZRTOS-H7RS.1.1.0
2025-03-30 21:34:16,103 [WARN] PackLoader:240 - Cannot read IP mode file for Cesanta.I-CUBE-Mongoose.7.13.0
2025-03-30 21:34:16,116 [WARN] PackLoader:240 - Cannot read IP mode file for STMicroelectronics.X-CUBE-AZRTOS-G4.2.0.0
2025-03-30 21:34:16,121 [WARN] PackLoader:240 - Cannot read IP mode file for wolfSSL.I-CUBE-wolfSSH.1.4.20
2025-03-30 21:34:16,136 [WARN] PackLoader:240 - Cannot read IP mode file for STMicroelectronics.X-CUBE-IPS.3.1.0
2025-03-30 21:34:16,143 [WARN] PackLoader:240 - Cannot read IP mode file for STMicroelectronics.X-CUBE-ALS.1.0.2
2025-03-30 21:34:16,148 [WARN] PackLoader:240 - Cannot read IP mode file for STMicroelectronics.X-CUBE-TOUCHGFX.4.24.2
2025-03-30 21:34:16,151 [WARN] PackLoader:240 - Cannot read IP mode file for wolfSSL.I-CUBE-wolfTPM.3.4.0
2025-03-30 21:34:16,156 [WARN] PackLoader:240 - Cannot read IP mode file for portGmbH.I-Cube-SoM-uGOAL.1.1.0
2025-03-30 21:34:16,171 [WARN] PackLoader:240 - Cannot read IP mode file for STMicroelectronics.X-CUBE-AZRTOS-H7RS.1.0.0
2025-03-30 21:34:16,181 [WARN] PackLoader:240 - Cannot read IP mode file for STMicroelectronics.X-CUBE-TOF1.3.4.2
2025-03-30 21:34:16,191 [WARN] PackLoader:240 - Cannot read IP mode file for wolfSSL.I-CUBE-wolfSSH.1.4.17
2025-03-30 21:34:16,192 [INFO] ThirdParty:978 - Integrity check success = true
2025-03-30 21:34:16,192 [INFO] IntegrityCheckThread:100 - exiting critical section [integrity check]
2025-03-30 21:34:16,192 [INFO] IntegrityCheckThread:103 - End integrity checks thread
2025-03-30 23:13:37,973 [ERROR] LogOutputStream:75 - [STDERR_REDIRECT] 
