2025-03-31 14:58:00,046 [INFO] Activator:176 - 


2025-03-31 14:58:00,053 [INFO] Activator:177 - !SESSION log4j initialized
2025-03-31 14:58:07,040 [INFO] LogOutputStream:77 - [STDOUT_REDIRECT] 
2025-03-31 14:58:08,846 [INFO] ApplicationProperties:184 - Using Application install path: J:\Joel\STM\STM32CubeIDE_1.17.0\STM32CubeIDE\plugins\com.st.stm32cube.common.mx_6.14.0.202502271554
2025-03-31 14:58:08,866 [INFO] DbMcusXml:78 - Set database path to: J:\Joel\STM\STM32CubeIDE_1.17.0\STM32CubeIDE\plugins\com.st.stm32cube.common.mx_6.14.0.202502271554\\db\/mcu/
2025-03-31 14:58:08,866 [INFO] ApiDb:274 - Set plugin database path to: J:\Joel\STM\STM32CubeIDE_1.17.0\STM32CubeIDE\plugins\com.st.stm32cube.common.mx_6.14.0.202502271554\\db\/plugins/boardmanager/
2025-03-31 14:58:08,867 [WARN] ApiDb:259 - Overriding images path with different value:  => J:\Joel\STM\STM32CubeIDE_1.17.0\STM32CubeIDE\plugins\com.st.stm32cube.common.mx_6.14.0.202502271554\\db\/plugins/mcufinder/images/
2025-03-31 14:58:08,874 [INFO] ApiDb:250 - Set database path to: C:\Users\joelj\.stmcufinder\plugins\mcufinder//mcu/
2025-03-31 14:58:08,877 [INFO] DbMcusAds:125 - Set database path to: C:\Users\joelj\.stmcufinder\plugins\mcufinder//mcu/
2025-03-31 14:58:08,879 [INFO] CrossReferenceDbSqlite:203 - Set database path to: C:\Users\joelj\.stmcufinder\plugins\mcufinder//mcu/cs/
2025-03-31 14:58:09,021 [INFO] RulesReader:64 - Compatibility file has been processed (301 Rules)
2025-03-31 14:58:09,155 [INFO] DbMcusXml:78 - Set database path to: J:\Joel\STM\STM32CubeIDE_1.17.0\STM32CubeIDE\plugins\com.st.stm32cube.common.mx_6.14.0.202502271554\\db\/mcu/
2025-03-31 14:58:09,155 [INFO] ApiDb:274 - Set plugin database path to: J:\Joel\STM\STM32CubeIDE_1.17.0\STM32CubeIDE\plugins\com.st.stm32cube.common.mx_6.14.0.202502271554\\db\/plugins/boardmanager/
2025-03-31 14:58:09,155 [INFO] ApiDb:261 - Set plugin images path to: J:\Joel\STM\STM32CubeIDE_1.17.0\STM32CubeIDE\plugins\com.st.stm32cube.common.mx_6.14.0.202502271554\\db\/plugins/mcufinder/images/
2025-03-31 14:58:09,155 [WARN] DbFile:41 - Overriding database path with different value: C:\Users\joelj\.stmcufinder\plugins\mcufinder/ => C:\Users\joelj\.stmcufinder\plugins\mcufinder
2025-03-31 14:58:09,155 [INFO] ApiDb:250 - Set database path to: C:\Users\joelj\.stmcufinder\plugins\mcufinder//mcu/
2025-03-31 14:58:09,155 [WARN] DbFile:41 - Overriding database path with different value: C:\Users\joelj\.stmcufinder\plugins\mcufinder/ => C:\Users\joelj\.stmcufinder\plugins\mcufinder
2025-03-31 14:58:09,156 [INFO] DbMcusAds:125 - Set database path to: C:\Users\joelj\.stmcufinder\plugins\mcufinder//mcu/
2025-03-31 14:58:09,156 [WARN] DbFile:41 - Overriding database path with different value: C:\Users\joelj\.stmcufinder\plugins\mcufinder/ => C:\Users\joelj\.stmcufinder\plugins\mcufinder
2025-03-31 14:58:09,156 [WARN] DbFile:41 - Overriding database path with different value: C:\Users\joelj\.stmcufinder\plugins\mcufinder/ => C:\Users\joelj\.stmcufinder\plugins\mcufinder
2025-03-31 14:58:09,156 [INFO] CrossReferenceDbSqlite:203 - Set database path to: C:\Users\joelj\.stmcufinder\plugins\mcufinder//mcu/cs/
2025-03-31 14:58:09,249 [INFO] MainPanel:272 - HeapMemory: 268435456
2025-03-31 14:58:09,389 [INFO] DbMcusXml:78 - Set database path to: J:\Joel\STM\STM32CubeIDE_1.17.0\STM32CubeIDE\plugins\com.st.stm32cube.common.mx_6.14.0.202502271554\\db\/mcu/
2025-03-31 14:58:09,390 [INFO] ApiDb:274 - Set plugin database path to: J:\Joel\STM\STM32CubeIDE_1.17.0\STM32CubeIDE\plugins\com.st.stm32cube.common.mx_6.14.0.202502271554\\db\/plugins/boardmanager/
2025-03-31 14:58:09,390 [INFO] ApiDb:261 - Set plugin images path to: J:\Joel\STM\STM32CubeIDE_1.17.0\STM32CubeIDE\plugins\com.st.stm32cube.common.mx_6.14.0.202502271554\\db\/plugins/mcufinder/images/
2025-03-31 14:58:09,390 [WARN] DbFile:41 - Overriding database path with different value: C:\Users\joelj\.stmcufinder\plugins\mcufinder/ => C:\Users\joelj\.stmcufinder\plugins\mcufinder
2025-03-31 14:58:09,390 [INFO] ApiDb:250 - Set database path to: C:\Users\joelj\.stmcufinder\plugins\mcufinder//mcu/
2025-03-31 14:58:09,390 [WARN] DbFile:41 - Overriding database path with different value: C:\Users\joelj\.stmcufinder\plugins\mcufinder/ => C:\Users\joelj\.stmcufinder\plugins\mcufinder
2025-03-31 14:58:09,390 [INFO] DbMcusAds:125 - Set database path to: C:\Users\joelj\.stmcufinder\plugins\mcufinder//mcu/
2025-03-31 14:58:09,390 [WARN] DbFile:41 - Overriding database path with different value: C:\Users\joelj\.stmcufinder\plugins\mcufinder/ => C:\Users\joelj\.stmcufinder\plugins\mcufinder
2025-03-31 14:58:09,390 [WARN] DbFile:41 - Overriding database path with different value: C:\Users\joelj\.stmcufinder\plugins\mcufinder/ => C:\Users\joelj\.stmcufinder\plugins\mcufinder
2025-03-31 14:58:09,390 [INFO] CrossReferenceDbSqlite:203 - Set database path to: C:\Users\joelj\.stmcufinder\plugins\mcufinder//mcu/cs/
2025-03-31 14:58:09,414 [INFO] ApplicationProperties:184 - Using Application install path: J:\Joel\STM\STM32CubeIDE_1.17.0\STM32CubeIDE\plugins\com.st.stm32cube.common.mx_6.14.0.202502271554
2025-03-31 14:58:09,417 [INFO] PluginManage:196 - Search for loadable plugins [exclusion list=, ]
2025-03-31 14:58:09,418 [INFO] PluginManage:310 - Check plugin analytics
2025-03-31 14:58:09,641 [INFO] AnalyticsPlugin:253 - Accepted Software Licenses: 
2025-03-31 14:58:09,641 [INFO] AnalyticsPlugin:255 - Accepted CMSIS Pack Licenses: STMicroelectronics.X-CUBE-AI.9.1.0,STMicroelectronics.X-CUBE-AI.10.0.0
2025-03-31 14:58:09,641 [INFO] AnalyticsPlugin:257 - Accepted Firmware Licenses: FW.F4.1.28.0,FW.L4.1.18.0,FW.F7.1.17.0
2025-03-31 14:58:09,645 [INFO] PluginManage:359 - Loaded plugin analytics (category:tool,tabindex:-1)
2025-03-31 14:58:09,646 [INFO] PluginManage:310 - Check plugin cadmodel
2025-03-31 14:58:09,653 [INFO] CADModel:105 - Init CAD model plugin
2025-03-31 14:58:09,653 [INFO] PluginManage:359 - Loaded plugin cadmodel (category:power,tabindex:5)
2025-03-31 14:58:09,653 [INFO] PluginManage:310 - Check plugin clock
2025-03-31 14:58:09,667 [INFO] PluginManage:359 - Loaded plugin clock (category:base,tabindex:2)
2025-03-31 14:58:09,667 [INFO] PluginManage:310 - Check plugin ddr
2025-03-31 14:58:09,670 [INFO] PluginManage:359 - Loaded plugin ddr (category:tool,tabindex:6)
2025-03-31 14:58:09,670 [INFO] PluginManage:310 - Check plugin filemanager
2025-03-31 14:58:09,836 [INFO] PluginManage:359 - Loaded plugin filemanager (category:base,tabindex:10)
2025-03-31 14:58:09,836 [INFO] PluginManage:310 - Check plugin ipmanager
2025-03-31 14:58:09,844 [INFO] PluginManage:359 - Loaded plugin ipmanager (category:base,tabindex:5)
2025-03-31 14:58:09,845 [INFO] PluginManage:310 - Check plugin lpbam
2025-03-31 14:58:09,853 [INFO] PluginManage:359 - Loaded plugin lpbam (category:base,tabindex:0)
2025-03-31 14:58:09,853 [INFO] PluginManage:310 - Check plugin memorymap
2025-03-31 14:58:09,870 [INFO] PluginManage:359 - Loaded plugin memorymap (category:base,tabindex:4)
2025-03-31 14:58:09,870 [INFO] PluginManage:310 - Check plugin pinoutandconfiguration
2025-03-31 14:58:09,881 [INFO] PluginManage:359 - Loaded plugin pinoutandconfiguration (category:base,tabindex:1)
2025-03-31 14:58:09,881 [INFO] PluginManage:310 - Check plugin pinoutconfig
2025-03-31 14:58:09,979 [WARN] SupportedApi:132 - Cannot load RTOS API schema: s4s-elt-must-match.1: The content of 'definitions' must match (annotation?, (simpleType | complexType)?, (unique | key | keyref)*)). A problem was found starting at: attribute.
2025-03-31 14:58:10,119 [INFO] PluginManage:359 - Loaded plugin pinoutconfig (category:base,tabindex:0)
2025-03-31 14:58:10,119 [INFO] PluginManage:310 - Check plugin power
2025-03-31 14:58:10,130 [INFO] PluginManage:359 - Loaded plugin power (category:power,tabindex:4)
2025-03-31 14:58:10,130 [INFO] PluginManage:310 - Check plugin projectmanager
2025-03-31 14:58:10,147 [INFO] PluginManage:359 - Loaded plugin projectmanager (category:projectmanager,tabindex:4)
2025-03-31 14:58:10,147 [INFO] PluginManage:310 - Check plugin rif
2025-03-31 14:58:10,156 [INFO] PluginManage:359 - Loaded plugin rif (category:base,tabindex:3)
2025-03-31 14:58:10,156 [INFO] PluginManage:310 - Check plugin thirdparty
2025-03-31 14:58:10,318 [INFO] PluginManage:359 - Loaded plugin thirdparty (category:base,tabindex:-1)
2025-03-31 14:58:10,318 [WARN] IntegrityCheckThread:84 - waiting for thirdparty lock release [integrity check]
2025-03-31 14:58:10,318 [INFO] PluginManage:310 - Check plugin tools
2025-03-31 14:58:10,318 [INFO] IntegrityCheckThread:86 - entering critical section [integrity check]
2025-03-31 14:58:10,319 [INFO] ThirdPartyUpdaterWithRetryManager:70 - Updater plugin not ready yet. [1/15]
2025-03-31 14:58:10,321 [INFO] PluginManage:359 - Loaded plugin tools (category:base,tabindex:7)
2025-03-31 14:58:10,321 [INFO] PluginManage:310 - Check plugin tutovideos
2025-03-31 14:58:10,527 [INFO] PluginManage:359 - Loaded plugin tutovideos (category:base,tabindex:-1)
2025-03-31 14:58:10,527 [INFO] PluginManage:310 - Check plugin updater
2025-03-31 14:58:10,550 [INFO] PluginManage:359 - Loaded plugin updater (category:base,tabindex:12)
2025-03-31 14:58:10,550 [INFO] PluginManage:310 - Check plugin userauth
2025-03-31 14:58:10,555 [INFO] UserAuth:118 - Init User Auth plugin
2025-03-31 14:58:10,556 [INFO] PluginManage:359 - Loaded plugin userauth (category:base,tabindex:14)
2025-03-31 14:58:10,556 [INFO] PluginManage:283 - PluginManage : Loaded plugins [18]
2025-03-31 14:58:10,789 [INFO] PinOutPanel:1589 - setPackage(No Configuration,No Configuration)
2025-03-31 14:58:10,886 [INFO] CADModel:165 - CPN selected for project level
2025-03-31 14:58:10,886 [INFO] CADModel:114 - Register for checkConnection events
2025-03-31 14:58:10,906 [INFO] IPUIPlugin:80 - create IPUIPlugin
2025-03-31 14:58:10,907 [INFO] PluginManager:220 - loadIPPluginJar : add adc
2025-03-31 14:58:10,911 [INFO] IPUIPlugin:80 - create IPUIPlugin
2025-03-31 14:58:10,911 [INFO] PluginManager:220 - loadIPPluginJar : add aes
2025-03-31 14:58:10,913 [INFO] IPUIPlugin:80 - create IPUIPlugin
2025-03-31 14:58:10,914 [INFO] PluginManager:220 - loadIPPluginJar : add can
2025-03-31 14:58:10,916 [INFO] IPUIPlugin:80 - create IPUIPlugin
2025-03-31 14:58:10,916 [INFO] PluginManager:220 - loadIPPluginJar : add comp
2025-03-31 14:58:10,919 [INFO] IPUIPlugin:80 - create IPUIPlugin
2025-03-31 14:58:10,919 [INFO] PluginManager:220 - loadIPPluginJar : add cryp
2025-03-31 14:58:10,923 [INFO] IPUIPlugin:80 - create IPUIPlugin
2025-03-31 14:58:10,923 [INFO] PluginManager:220 - loadIPPluginJar : add ddr_ctrl_phy
2025-03-31 14:58:10,926 [INFO] IPUIPlugin:80 - create IPUIPlugin
2025-03-31 14:58:10,926 [INFO] PluginManager:220 - loadIPPluginJar : add dfsdm
2025-03-31 14:58:10,932 [INFO] IPUIPlugin:80 - create IPUIPlugin
2025-03-31 14:58:10,934 [INFO] PluginManager:220 - loadIPPluginJar : add dma
2025-03-31 14:58:10,937 [INFO] IPUIPlugin:80 - create IPUIPlugin
2025-03-31 14:58:10,937 [INFO] PluginManager:220 - loadIPPluginJar : add dma3
2025-03-31 14:58:10,940 [INFO] IPUIPlugin:80 - create IPUIPlugin
2025-03-31 14:58:10,940 [INFO] PluginManager:220 - loadIPPluginJar : add extmemmanager
2025-03-31 14:58:10,942 [INFO] IPUIPlugin:80 - create IPUIPlugin
2025-03-31 14:58:10,942 [INFO] PluginManager:220 - loadIPPluginJar : add fatfs
2025-03-31 14:58:10,947 [INFO] IPUIPlugin:80 - create IPUIPlugin
2025-03-31 14:58:10,947 [INFO] PluginManager:220 - loadIPPluginJar : add fmc
2025-03-31 14:58:10,958 [INFO] IPUIPlugin:80 - create IPUIPlugin
2025-03-31 14:58:10,959 [INFO] PluginManager:220 - loadIPPluginJar : add freertos
2025-03-31 14:58:10,961 [INFO] IPUIPlugin:80 - create IPUIPlugin
2025-03-31 14:58:10,961 [INFO] PluginManager:220 - loadIPPluginJar : add genericplugin
2025-03-31 14:58:10,963 [INFO] IPUIPlugin:80 - create IPUIPlugin
2025-03-31 14:58:10,963 [INFO] PluginManager:220 - loadIPPluginJar : add gfxmmu
2025-03-31 14:58:10,968 [INFO] IPUIPlugin:80 - create IPUIPlugin
2025-03-31 14:58:10,968 [INFO] PluginManager:220 - loadIPPluginJar : add gic
2025-03-31 14:58:10,973 [INFO] IPUIPlugin:80 - create IPUIPlugin
2025-03-31 14:58:10,973 [INFO] PluginManager:220 - loadIPPluginJar : add gpio
2025-03-31 14:58:10,976 [INFO] IPUIPlugin:80 - create IPUIPlugin
2025-03-31 14:58:10,976 [INFO] PluginManager:220 - loadIPPluginJar : add gtzc
2025-03-31 14:58:10,979 [INFO] IPUIPlugin:80 - create IPUIPlugin
2025-03-31 14:58:10,979 [INFO] PluginManager:220 - loadIPPluginJar : add hash
2025-03-31 14:58:10,982 [INFO] IPUIPlugin:80 - create IPUIPlugin
2025-03-31 14:58:10,982 [INFO] PluginManager:220 - loadIPPluginJar : add i2c
2025-03-31 14:58:10,985 [INFO] IPUIPlugin:80 - create IPUIPlugin
2025-03-31 14:58:10,985 [INFO] PluginManager:220 - loadIPPluginJar : add i2s
2025-03-31 14:58:10,988 [INFO] IPUIPlugin:80 - create IPUIPlugin
2025-03-31 14:58:10,988 [INFO] PluginManager:220 - loadIPPluginJar : add i3c
2025-03-31 14:58:10,991 [INFO] IPUIPlugin:80 - create IPUIPlugin
2025-03-31 14:58:10,992 [INFO] PluginManager:220 - loadIPPluginJar : add ipddr
2025-03-31 14:58:11,000 [INFO] IPUIPlugin:80 - create IPUIPlugin
2025-03-31 14:58:11,000 [INFO] PluginManager:220 - loadIPPluginJar : add linkedlist
2025-03-31 14:58:11,004 [INFO] IPUIPlugin:80 - create IPUIPlugin
2025-03-31 14:58:11,004 [INFO] PluginManager:220 - loadIPPluginJar : add lorawan
2025-03-31 14:58:11,005 [INFO] IPUIPlugin:80 - create IPUIPlugin
2025-03-31 14:58:11,005 [INFO] PluginManager:220 - loadIPPluginJar : add ltdc
2025-03-31 14:58:11,011 [INFO] IPUIPlugin:80 - create IPUIPlugin
2025-03-31 14:58:11,011 [INFO] PluginManager:220 - loadIPPluginJar : add mdma
2025-03-31 14:58:11,016 [INFO] IPUIPlugin:80 - create IPUIPlugin
2025-03-31 14:58:11,016 [INFO] PluginManager:220 - loadIPPluginJar : add nvic
2025-03-31 14:58:11,019 [INFO] IPUIPlugin:80 - create IPUIPlugin
2025-03-31 14:58:11,019 [INFO] PluginManager:220 - loadIPPluginJar : add opamp
2025-03-31 14:58:11,023 [INFO] IPUIPlugin:80 - create IPUIPlugin
2025-03-31 14:58:11,023 [INFO] PluginManager:220 - loadIPPluginJar : add openamp
2025-03-31 14:58:11,026 [INFO] IPUIPlugin:80 - create IPUIPlugin
2025-03-31 14:58:11,026 [INFO] PluginManager:220 - loadIPPluginJar : add pdm2pcm
2025-03-31 14:58:11,033 [INFO] IPUIPlugin:80 - create IPUIPlugin
2025-03-31 14:58:11,035 [INFO] PluginManager:220 - loadIPPluginJar : add plateformsettings
2025-03-31 14:58:11,038 [INFO] IPUIPlugin:80 - create IPUIPlugin
2025-03-31 14:58:11,038 [INFO] PluginManager:220 - loadIPPluginJar : add quadspi
2025-03-31 14:58:11,040 [INFO] IPUIPlugin:80 - create IPUIPlugin
2025-03-31 14:58:11,041 [INFO] PluginManager:220 - loadIPPluginJar : add radio
2025-03-31 14:58:11,045 [INFO] IPUIPlugin:80 - create IPUIPlugin
2025-03-31 14:58:11,045 [INFO] PluginManager:220 - loadIPPluginJar : add resmgrutility
2025-03-31 14:58:11,048 [INFO] IPUIPlugin:80 - create IPUIPlugin
2025-03-31 14:58:11,048 [INFO] PluginManager:220 - loadIPPluginJar : add sai
2025-03-31 14:58:11,051 [INFO] IPUIPlugin:80 - create IPUIPlugin
2025-03-31 14:58:11,051 [INFO] PluginManager:220 - loadIPPluginJar : add spi
2025-03-31 14:58:11,057 [INFO] IPUIPlugin:80 - create IPUIPlugin
2025-03-31 14:58:11,058 [INFO] PluginManager:220 - loadIPPluginJar : add stm32_wpan
2025-03-31 14:58:11,059 [INFO] IPUIPlugin:80 - create IPUIPlugin
2025-03-31 14:58:11,059 [INFO] PluginManager:220 - loadIPPluginJar : add tim
2025-03-31 14:58:11,063 [INFO] IPUIPlugin:80 - create IPUIPlugin
2025-03-31 14:58:11,063 [INFO] PluginManager:220 - loadIPPluginJar : add touchsensing
2025-03-31 14:58:11,065 [INFO] IPUIPlugin:80 - create IPUIPlugin
2025-03-31 14:58:11,065 [INFO] PluginManager:220 - loadIPPluginJar : add tracer_emb
2025-03-31 14:58:11,067 [INFO] IPUIPlugin:80 - create IPUIPlugin
2025-03-31 14:58:11,067 [INFO] PluginManager:220 - loadIPPluginJar : add ts
2025-03-31 14:58:11,069 [INFO] IPUIPlugin:80 - create IPUIPlugin
2025-03-31 14:58:11,069 [INFO] PluginManager:220 - loadIPPluginJar : add tsc
2025-03-31 14:58:11,071 [INFO] IPUIPlugin:80 - create IPUIPlugin
2025-03-31 14:58:11,072 [INFO] PluginManager:220 - loadIPPluginJar : add ucpd
2025-03-31 14:58:11,075 [INFO] IPUIPlugin:80 - create IPUIPlugin
2025-03-31 14:58:11,075 [INFO] PluginManager:220 - loadIPPluginJar : add usart
2025-03-31 14:58:11,079 [INFO] IPUIPlugin:80 - create IPUIPlugin
2025-03-31 14:58:11,080 [INFO] PluginManager:220 - loadIPPluginJar : add usbx
2025-03-31 14:58:11,226 [FATAL] Updater:351 - Updater called before beeing initialized
2025-03-31 14:58:11,252 [INFO] RulesReader:64 - Compatibility file has been processed (301 Rules)
2025-03-31 14:58:11,265 [INFO] RulesReader:64 - Compatibility file has been processed (301 Rules)
2025-03-31 14:58:11,276 [INFO] CADModel:165 - CPN selected for project level
2025-03-31 14:58:11,276 [INFO] CADModel:114 - Register for checkConnection events
2025-03-31 14:58:11,276 [FATAL] Updater:351 - Updater called before beeing initialized
2025-03-31 14:58:11,276 [ERROR] CADModel:125 - Updater not yet initialized, retry later 
2025-03-31 14:58:11,495 [FATAL] Updater:351 - Updater called before beeing initialized
2025-03-31 14:58:11,497 [INFO] CADModel:165 - CPN selected for project level
2025-03-31 14:58:11,497 [INFO] CADModel:114 - Register for checkConnection events
2025-03-31 14:58:11,497 [FATAL] Updater:351 - Updater called before beeing initialized
2025-03-31 14:58:11,497 [ERROR] CADModel:125 - Updater not yet initialized, retry later 
2025-03-31 14:58:11,500 [FATAL] Updater:351 - Updater called before beeing initialized
2025-03-31 14:58:11,618 [FATAL] Updater:351 - Updater called before beeing initialized
2025-03-31 14:58:11,621 [INFO] DbMcusAds:53 - JSON generation date=Thu Mar 06 20:24:21 IST 2025 (1741272861825)
2025-03-31 14:58:11,622 [FATAL] Updater:351 - Updater called before beeing initialized
2025-03-31 14:58:11,665 [WARN] DetailPanel:346 - Failed to get advertising image, set to default
2025-03-31 14:58:11,984 [FATAL] Updater:351 - Updater called before beeing initialized
2025-03-31 14:58:11,988 [FATAL] Updater:351 - Updater called before beeing initialized
2025-03-31 14:58:11,988 [FATAL] Updater:351 - Updater called before beeing initialized
2025-03-31 14:58:11,988 [WARN] DetailPanel:346 - Failed to get advertising image, set to default
2025-03-31 14:58:11,990 [FATAL] Updater:351 - Updater called before beeing initialized
2025-03-31 14:58:12,048 [ERROR] Updater:1198 - MainUpdater not yet initialized. External WinMGr cannot be set.
2025-03-31 14:58:12,051 [INFO] Updater:1134 - Updater Version found : 6.14.0
2025-03-31 14:58:12,072 [INFO] ApplicationProperties:184 - Using Application install path: J:\Joel\STM\STM32CubeIDE_1.17.0\STM32CubeIDE\plugins\com.st.stm32cube.common.mx_6.14.0.202502271554
2025-03-31 14:58:13,320 [INFO] ThirdPartyUpdaterWithRetryManager:70 - Updater plugin not ready yet. [2/15]
2025-03-31 14:58:13,653 [ERROR] LogOutputStream:75 - [STDERR_REDIRECT] Mar 31, 2025 2:58:13 PM java.util.prefs.WindowsPreferences <init>
2025-03-31 14:58:13,654 [ERROR] LogOutputStream:75 - [STDERR_REDIRECT] WARNING: Could not open/create prefs root node Software\JavaSoft\Prefs at root 0xffffffff80000002. Windows RegCreateKeyEx(...) returned error code 5.
2025-03-31 14:58:13,655 [ERROR] LogOutputStream:75 - [STDERR_REDIRECT] 
2025-03-31 14:58:14,316 [INFO] MainUpdater:2872 - connection check result : 10
2025-03-31 14:58:14,317 [INFO] MainUpdater:289 - Updater Check For Update Now.
2025-03-31 14:58:14,317 [INFO] MicroXplorer:498 - Change Database Version : DB.6.0.140
2025-03-31 14:58:14,325 [INFO] McuFinderGlobals:63 - Set McuFinder mode to 2 (CubeIDE integrated)
2025-03-31 14:58:14,326 [INFO] UserAuth:486 - Internet connection configuration mode: 1
2025-03-31 14:58:14,388 [INFO] JxBrowserEngine:152 - Initiate JxBrowser Engine with user profile folder
2025-03-31 14:58:14,555 [INFO] CheckServerUpdateThread:120 - End of CheckServer Thread
2025-03-31 14:58:16,252 [INFO] WebApp:169 - Instantiating new browser for Auth
2025-03-31 14:58:16,646 [WARN] PackLoader:240 - Cannot read IP mode file for STMicroelectronics.FP-SNS-MOTENVWB1.1.4.0
2025-03-31 14:58:16,653 [WARN] PackLoader:240 - Cannot read IP mode file for STMicroelectronics.FP-ATR-ASTRA1.2.0.2
2025-03-31 14:58:16,658 [WARN] PackLoader:240 - Cannot read IP mode file for STMicroelectronics.FP-ATR-ASTRA1.2.0.1
2025-03-31 14:58:16,668 [WARN] PackLoader:240 - Cannot read IP mode file for STMicroelectronics.X-CUBE-SMBUS.2.1.0
2025-03-31 14:58:16,675 [WARN] PackLoader:240 - Cannot read IP mode file for STMicroelectronics.X-CUBE-WB05N.1.1.0
2025-03-31 14:58:16,703 [WARN] PackLoader:240 - Cannot read IP mode file for STMicroelectronics.X-CUBE-AZRTOS-F7.1.1.0
2025-03-31 14:58:16,715 [WARN] PackLoader:240 - Cannot read IP mode file for STMicroelectronics.FP-SNS-FLIGHT1.5.0.2
2025-03-31 14:58:16,742 [WARN] PackLoader:240 - Cannot read IP mode file for Infineon.AIROC-Wi-Fi-Bluetooth-STM32.1.7.0
2025-03-31 14:58:16,757 [WARN] PackLoader:240 - Cannot read IP mode file for STMicroelectronics.X-CUBE-DISPLAY.3.0.0
2025-03-31 14:58:16,768 [WARN] PackLoader:240 - Cannot read IP mode file for STMicroelectronics.X-CUBE-BLE1.7.0.0
2025-03-31 14:58:16,777 [WARN] PackLoader:240 - Cannot read IP mode file for STMicroelectronics.X-CUBE-NFC10.1.0.0
2025-03-31 14:58:16,789 [WARN] PackLoader:240 - Cannot read IP mode file for STMicroelectronics.X-CUBE-BLEMGR.4.0.0
2025-03-31 14:58:16,801 [WARN] PackLoader:240 - Cannot read IP mode file for emotas.I-CUBE-CANOPEN.1.3.0
2025-03-31 14:58:16,807 [WARN] ConditionMgr:438 - getConditionDescription Invalid condition id : Cortex-A Device cause : null
2025-03-31 14:58:16,825 [WARN] ConditionMgr:1044 - genDependencies : Invalid condition id : Cortex-A Device cause : null
2025-03-31 14:58:16,825 [WARN] ConditionMgr:1044 - genDependencies : Invalid condition id : Cortex-A Device cause : null
2025-03-31 14:58:16,827 [WARN] ConditionMgr:1044 - genDependencies : Invalid condition id : Cortex-A Device cause : null
2025-03-31 14:58:16,836 [WARN] PackLoader:240 - Cannot read IP mode file for STMicroelectronics.X-CUBE-AI.10.0.0
2025-03-31 14:58:16,933 [WARN] PackLoader:240 - Cannot read IP mode file for STMicroelectronics.FP-SNS-SMARTAG2.1.2.0
2025-03-31 14:58:16,936 [WARN] PackLoader:240 - Cannot read IP mode file for STMicroelectronics.FP-SNS-FLIGHT1.5.1.0
2025-03-31 14:58:16,977 [WARN] PackLoader:240 - Cannot read IP mode file for STMicroelectronics.X-CUBE-MEMS1.11.1.0
2025-03-31 14:58:17,159 [INFO] LogOutputStream:77 - [STDOUT_REDIRECT] 1 : Invalid condition id : UX_CORESTACK_Condition cause : null
2025-03-31 14:58:17,160 [INFO] LogOutputStream:77 - [STDOUT_REDIRECT] 1 : Invalid condition id : UX_CORESTACK_Condition cause : null
2025-03-31 14:58:17,162 [INFO] LogOutputStream:77 - [STDOUT_REDIRECT] 1 : Invalid condition id : UX_CORESTACK_Condition cause : null
2025-03-31 14:58:17,164 [INFO] LogOutputStream:77 - [STDOUT_REDIRECT] 1 : Invalid condition id : UX_CORESTACK_Condition cause : null
2025-03-31 14:58:17,165 [INFO] LogOutputStream:77 - [STDOUT_REDIRECT] 1 : Invalid condition id : UX_CORESTACK_Condition cause : null
2025-03-31 14:58:17,167 [WARN] PackLoader:240 - Cannot read IP mode file for STMicroelectronics.X-CUBE-AZRTOS-WL.2.0.0
2025-03-31 14:58:17,173 [WARN] PackLoader:240 - Cannot read IP mode file for STMicroelectronics.FP-SNS-MOTENV1.5.0.0
2025-03-31 14:58:17,181 [WARN] PackLoader:240 - Cannot read IP mode file for wolfSSL.I-CUBE-wolfMQTT.1.19.0
2025-03-31 14:58:17,191 [WARN] PackLoader:240 - Cannot read IP mode file for WES.I-CUBE-Cesium.1.3.0
2025-03-31 14:58:17,198 [WARN] PackLoader:240 - Cannot read IP mode file for STMicroelectronics.X-CUBE-BLE2.3.3.0
2025-03-31 14:58:17,204 [WARN] PackLoader:240 - Cannot read IP mode file for STMicroelectronics.X-CUBE-NFC9.1.0.0
2025-03-31 14:58:17,210 [WARN] PackLoader:240 - Cannot read IP mode file for STMicroelectronics.X-CUBE-BLE1.7.1.0
2025-03-31 14:58:17,215 [WARN] PackLoader:240 - Cannot read IP mode file for wolfSSL.I-CUBE-wolfMQTT.1.19.2
2025-03-31 14:58:17,232 [WARN] PackLoader:240 - Cannot read IP mode file for STMicroelectronics.X-CUBE-AZRTOS-G0.1.1.0
2025-03-31 14:58:17,241 [WARN] PackLoader:240 - Cannot read IP mode file for STMicroelectronics.X-CUBE-SAFEA1.1.2.2
2025-03-31 14:58:17,247 [WARN] PackLoader:240 - Cannot read IP mode file for STMicroelectronics.X-CUBE-NFC4.3.0.0
2025-03-31 14:58:17,257 [WARN] PackLoader:240 - Cannot read IP mode file for EmbeddedOffice.I-CUBE-FS-RTOS.1.0.1
2025-03-31 14:58:17,268 [WARN] PackLoader:240 - Cannot read IP mode file for wolfSSL.I-CUBE-wolfTPM.3.8.0
2025-03-31 14:58:17,278 [WARN] PackLoader:240 - Cannot read IP mode file for STMicroelectronics.X-CUBE-TCPP.4.2.0
2025-03-31 14:58:17,287 [WARN] PackLoader:240 - Cannot read IP mode file for RealThread.X-CUBE-RT-Thread_Nano.4.1.1
2025-03-31 14:58:17,292 [WARN] PackLoader:240 - Cannot read IP mode file for STMicroelectronics.FP-ATR-SIGFOX1.3.2.0
2025-03-31 14:58:17,297 [WARN] ConditionMgr:438 - getConditionDescription Invalid condition id : Cortex-A Device cause : null
2025-03-31 14:58:17,310 [WARN] ConditionMgr:1044 - genDependencies : Invalid condition id : Cortex-A Device cause : null
2025-03-31 14:58:17,310 [WARN] ConditionMgr:1044 - genDependencies : Invalid condition id : Cortex-A Device cause : null
2025-03-31 14:58:17,310 [WARN] ConditionMgr:1044 - genDependencies : Invalid condition id : Cortex-A Device cause : null
2025-03-31 14:58:17,319 [WARN] PackLoader:240 - Cannot read IP mode file for STMicroelectronics.X-CUBE-EEPRMA1.5.1.0
2025-03-31 14:58:17,327 [WARN] PackLoader:240 - Cannot read IP mode file for wolfSSL.I-CUBE-wolfSSL.5.7.6
2025-03-31 14:58:17,363 [WARN] PackLoader:240 - Cannot read IP mode file for ITTIA_DB.I-CUBE-ITTIADB.8.9.0
2025-03-31 14:58:17,396 [WARN] PackLoader:240 - Cannot read IP mode file for SEGGER.I-CUBE-embOS.1.3.1
2025-03-31 14:58:17,426 [WARN] PackLoader:240 - Cannot read IP mode file for STMicroelectronics.X-CUBE-ALGOBUILD.1.4.0
2025-03-31 14:58:17,445 [WARN] PackLoader:240 - Cannot read IP mode file for STMicroelectronics.X-CUBE-AZRTOS-F4.1.1.0
2025-03-31 14:58:17,452 [WARN] PackLoader:240 - Cannot read IP mode file for STMicroelectronics.X-CUBE-ISPU.2.1.0
2025-03-31 14:58:17,468 [WARN] PackLoader:240 - Cannot read IP mode file for STMicroelectronics.X-CUBE-AZRTOS-L5.2.0.0
2025-03-31 14:58:17,478 [WARN] PackLoader:240 - Cannot read IP mode file for STMicroelectronics.X-CUBE-NFC6.3.1.0
2025-03-31 14:58:17,487 [WARN] PackLoader:240 - Cannot read IP mode file for STMicroelectronics.X-CUBE-DPower.1.2.0
2025-03-31 14:58:17,495 [WARN] PackLoader:240 - Cannot read IP mode file for STMicroelectronics.X-CUBE-FREERTOS.1.3.0
2025-03-31 14:58:17,502 [WARN] PackLoader:240 - Cannot read IP mode file for STMicroelectronics.X-CUBE-NFC7.1.0.1
2025-03-31 14:58:17,509 [WARN] PackLoader:240 - Cannot read IP mode file for STMicroelectronics.X-CUBE-DPower.1.3.0
2025-03-31 14:58:17,524 [WARN] ConditionMgr:438 - getConditionDescription Invalid condition id : LAN8742 Phy interface Condition cause : null
2025-03-31 14:58:17,525 [WARN] PackLoader:240 - Cannot read IP mode file for STMicroelectronics.X-CUBE-AZRTOS-L4.2.0.0
2025-03-31 14:58:17,526 [WARN] ConditionMgr:1044 - genDependencies : Invalid condition id : LAN8742 Phy interface Condition cause : null
2025-03-31 14:58:17,526 [WARN] ConditionMgr:1044 - genDependencies : Invalid condition id : LAN8742 Phy interface Condition cause : null
2025-03-31 14:58:17,526 [WARN] ConditionMgr:1044 - genDependencies : Invalid condition id : LAN8742 Phy interface Condition cause : null
2025-03-31 14:58:17,532 [WARN] PackLoader:240 - Cannot read IP mode file for STMicroelectronics.X-CUBE-SFXS2LP1.4.0.0
2025-03-31 14:58:17,560 [WARN] PackLoader:240 - Cannot read IP mode file for STMicroelectronics.X-CUBE-AZRTOS-H7.3.3.0
2025-03-31 14:58:17,572 [WARN] ConditionMgr:438 - getConditionDescription Invalid condition id : UX DEVICE CLASS RTOS Condition cause : null
2025-03-31 14:58:17,572 [WARN] ConditionMgr:438 - getConditionDescription Invalid condition id : UX DEVICE CLASS RTOS Condition cause : null
2025-03-31 14:58:17,574 [WARN] PackLoader:240 - Cannot read IP mode file for STMicroelectronics.X-CUBE-AZRTOS-WB.2.0.0
2025-03-31 14:58:17,575 [WARN] ConditionMgr:1044 - genDependencies : Invalid condition id : UX DEVICE CLASS RTOS Condition cause : null
2025-03-31 14:58:17,575 [WARN] ConditionMgr:1044 - genDependencies : Invalid condition id : UX DEVICE CLASS RTOS Condition cause : null
2025-03-31 14:58:17,575 [WARN] ConditionMgr:1044 - genDependencies : Invalid condition id : UX DEVICE CLASS RTOS Condition cause : null
2025-03-31 14:58:17,576 [WARN] ConditionMgr:1044 - genDependencies : Invalid condition id : UX DEVICE CLASS RTOS Condition cause : null
2025-03-31 14:58:17,576 [WARN] ConditionMgr:1044 - genDependencies : Invalid condition id : UX DEVICE CLASS RTOS Condition cause : null
2025-03-31 14:58:17,583 [WARN] PackLoader:240 - Cannot read IP mode file for STMicroelectronics.X-CUBE-GNSS1.7.0.1
2025-03-31 14:58:17,592 [WARN] PackLoader:240 - Cannot read IP mode file for STMicroelectronics.X-CUBE-TOUCHGFX.4.25.0
2025-03-31 14:58:17,600 [WARN] PackLoader:240 - Cannot read IP mode file for STMicroelectronics.FP-SNS-STBOX1.2.0.0
2025-03-31 14:58:17,611 [WARN] PackLoader:240 - Cannot read IP mode file for STMicroelectronics.X-CUBE-SUBG2.5.0.0
2025-03-31 14:58:17,629 [WARN] PackLoader:240 - Cannot read IP mode file for STMicroelectronics.X-CUBE-AZRTOS-H7RS.1.1.0
2025-03-31 14:58:17,637 [WARN] PackLoader:240 - Cannot read IP mode file for Cesanta.I-CUBE-Mongoose.7.13.0
2025-03-31 14:58:17,650 [WARN] PackLoader:240 - Cannot read IP mode file for STMicroelectronics.X-CUBE-AZRTOS-G4.2.0.0
2025-03-31 14:58:17,655 [WARN] PackLoader:240 - Cannot read IP mode file for wolfSSL.I-CUBE-wolfSSH.1.4.20
2025-03-31 14:58:17,666 [WARN] PackLoader:240 - Cannot read IP mode file for STMicroelectronics.X-CUBE-IPS.3.1.0
2025-03-31 14:58:17,675 [WARN] PackLoader:240 - Cannot read IP mode file for STMicroelectronics.X-CUBE-ALS.1.0.2
2025-03-31 14:58:17,678 [WARN] PackLoader:240 - Cannot read IP mode file for STMicroelectronics.X-CUBE-TOUCHGFX.4.24.2
2025-03-31 14:58:17,682 [WARN] PackLoader:240 - Cannot read IP mode file for wolfSSL.I-CUBE-wolfTPM.3.4.0
2025-03-31 14:58:17,687 [WARN] PackLoader:240 - Cannot read IP mode file for portGmbH.I-Cube-SoM-uGOAL.1.1.0
2025-03-31 14:58:17,700 [WARN] PackLoader:240 - Cannot read IP mode file for STMicroelectronics.X-CUBE-AZRTOS-H7RS.1.0.0
2025-03-31 14:58:17,711 [WARN] PackLoader:240 - Cannot read IP mode file for STMicroelectronics.X-CUBE-TOF1.3.4.2
2025-03-31 14:58:17,725 [WARN] PackLoader:240 - Cannot read IP mode file for wolfSSL.I-CUBE-wolfSSH.1.4.17
2025-03-31 14:58:17,726 [INFO] ThirdParty:978 - Integrity check success = true
2025-03-31 14:58:17,726 [INFO] IntegrityCheckThread:100 - exiting critical section [integrity check]
2025-03-31 14:58:17,726 [INFO] IntegrityCheckThread:103 - End integrity checks thread
2025-03-31 14:58:18,015 [INFO] WebApp:463 - Apply proxy settings
2025-03-31 14:58:18,016 [INFO] WebApp:548 - Chromium requires no authentication
2025-03-31 14:58:18,027 [INFO] WebApp:491 - Direct internet connection detected
2025-03-31 14:58:18,059 [INFO] WebApp:894 - Register for checkConnection events
2025-03-31 14:58:18,060 [INFO] WebApp:463 - Apply proxy settings
2025-03-31 14:58:18,060 [INFO] WebApp:548 - Chromium requires no authentication
2025-03-31 14:58:18,060 [INFO] WebApp:491 - Direct internet connection detected
2025-03-31 14:58:18,312 [INFO] WebApp:225 - Starting web application
2025-03-31 14:58:18,313 [INFO] WebApp:593 - Web application path used J:\Joel\STM\STM32CubeIDE_1.17.0\STM32CubeIDE\plugins\com.st.stm32cube.common.mx_6.14.0.202502271554\db\plugins\mcufinder\reactClient1\index.html
2025-03-31 14:58:18,490 [INFO] UserAuth:486 - Internet connection configuration mode: 1
2025-03-31 14:58:18,641 [INFO] WebApp:191 - Connection restablished
2025-03-31 18:27:03,744 [INFO] WebApp:194 - Connection lost
2025-03-31 18:27:03,961 [INFO] WebApp:191 - Connection restablished
2025-03-31 19:48:26,520 [INFO] WebApp:194 - Connection lost
2025-03-31 19:48:32,547 [INFO] WebApp:191 - Connection restablished
2025-03-31 19:48:35,517 [ERROR] LogOutputStream:75 - [STDERR_REDIRECT] 
