2025-03-20 21:40:52,716 [INFO] Activator:176 - 


2025-03-20 21:40:52,722 [INFO] Activator:177 - !SESSION log4j initialized
2025-03-20 21:41:00,345 [INFO] LogOutputStream:77 - [STDOUT_REDIRECT] 
2025-03-20 21:41:01,924 [INFO] ApplicationProperties:184 - Using Application install path: J:\Joel\STM\STM32CubeIDE_1.17.0\STM32CubeIDE\plugins\com.st.stm32cube.common.mx_6.14.0.202502271554
2025-03-20 21:41:01,946 [INFO] DbMcusXml:78 - Set database path to: J:\Joel\STM\STM32CubeIDE_1.17.0\STM32CubeIDE\plugins\com.st.stm32cube.common.mx_6.14.0.202502271554\\db\/mcu/
2025-03-20 21:41:01,948 [INFO] ApiDb:274 - Set plugin database path to: J:\Joel\STM\STM32CubeIDE_1.17.0\STM32CubeIDE\plugins\com.st.stm32cube.common.mx_6.14.0.202502271554\\db\/plugins/boardmanager/
2025-03-20 21:41:01,948 [WARN] ApiDb:259 - Overriding images path with different value:  => J:\Joel\STM\STM32CubeIDE_1.17.0\STM32CubeIDE\plugins\com.st.stm32cube.common.mx_6.14.0.202502271554\\db\/plugins/mcufinder/images/
2025-03-20 21:41:01,954 [INFO] ApiDb:250 - Set database path to: C:\Users\joelj\.stmcufinder\plugins\mcufinder//mcu/
2025-03-20 21:41:01,956 [INFO] DbMcusAds:125 - Set database path to: C:\Users\joelj\.stmcufinder\plugins\mcufinder//mcu/
2025-03-20 21:41:01,958 [INFO] CrossReferenceDbSqlite:203 - Set database path to: C:\Users\joelj\.stmcufinder\plugins\mcufinder//mcu/cs/
2025-03-20 21:41:02,075 [INFO] RulesReader:64 - Compatibility file has been processed (301 Rules)
2025-03-20 21:41:02,173 [INFO] DbMcusXml:78 - Set database path to: J:\Joel\STM\STM32CubeIDE_1.17.0\STM32CubeIDE\plugins\com.st.stm32cube.common.mx_6.14.0.202502271554\\db\/mcu/
2025-03-20 21:41:02,173 [INFO] ApiDb:274 - Set plugin database path to: J:\Joel\STM\STM32CubeIDE_1.17.0\STM32CubeIDE\plugins\com.st.stm32cube.common.mx_6.14.0.202502271554\\db\/plugins/boardmanager/
2025-03-20 21:41:02,173 [INFO] ApiDb:261 - Set plugin images path to: J:\Joel\STM\STM32CubeIDE_1.17.0\STM32CubeIDE\plugins\com.st.stm32cube.common.mx_6.14.0.202502271554\\db\/plugins/mcufinder/images/
2025-03-20 21:41:02,174 [WARN] DbFile:41 - Overriding database path with different value: C:\Users\joelj\.stmcufinder\plugins\mcufinder/ => C:\Users\joelj\.stmcufinder\plugins\mcufinder
2025-03-20 21:41:02,174 [INFO] ApiDb:250 - Set database path to: C:\Users\joelj\.stmcufinder\plugins\mcufinder//mcu/
2025-03-20 21:41:02,174 [WARN] DbFile:41 - Overriding database path with different value: C:\Users\joelj\.stmcufinder\plugins\mcufinder/ => C:\Users\joelj\.stmcufinder\plugins\mcufinder
2025-03-20 21:41:02,174 [INFO] DbMcusAds:125 - Set database path to: C:\Users\joelj\.stmcufinder\plugins\mcufinder//mcu/
2025-03-20 21:41:02,174 [WARN] DbFile:41 - Overriding database path with different value: C:\Users\joelj\.stmcufinder\plugins\mcufinder/ => C:\Users\joelj\.stmcufinder\plugins\mcufinder
2025-03-20 21:41:02,174 [WARN] DbFile:41 - Overriding database path with different value: C:\Users\joelj\.stmcufinder\plugins\mcufinder/ => C:\Users\joelj\.stmcufinder\plugins\mcufinder
2025-03-20 21:41:02,174 [INFO] CrossReferenceDbSqlite:203 - Set database path to: C:\Users\joelj\.stmcufinder\plugins\mcufinder//mcu/cs/
2025-03-20 21:41:02,266 [INFO] MainPanel:272 - HeapMemory: 268435456
2025-03-20 21:41:02,411 [INFO] DbMcusXml:78 - Set database path to: J:\Joel\STM\STM32CubeIDE_1.17.0\STM32CubeIDE\plugins\com.st.stm32cube.common.mx_6.14.0.202502271554\\db\/mcu/
2025-03-20 21:41:02,411 [INFO] ApiDb:274 - Set plugin database path to: J:\Joel\STM\STM32CubeIDE_1.17.0\STM32CubeIDE\plugins\com.st.stm32cube.common.mx_6.14.0.202502271554\\db\/plugins/boardmanager/
2025-03-20 21:41:02,411 [INFO] ApiDb:261 - Set plugin images path to: J:\Joel\STM\STM32CubeIDE_1.17.0\STM32CubeIDE\plugins\com.st.stm32cube.common.mx_6.14.0.202502271554\\db\/plugins/mcufinder/images/
2025-03-20 21:41:02,412 [WARN] DbFile:41 - Overriding database path with different value: C:\Users\joelj\.stmcufinder\plugins\mcufinder/ => C:\Users\joelj\.stmcufinder\plugins\mcufinder
2025-03-20 21:41:02,412 [INFO] ApiDb:250 - Set database path to: C:\Users\joelj\.stmcufinder\plugins\mcufinder//mcu/
2025-03-20 21:41:02,412 [WARN] DbFile:41 - Overriding database path with different value: C:\Users\joelj\.stmcufinder\plugins\mcufinder/ => C:\Users\joelj\.stmcufinder\plugins\mcufinder
2025-03-20 21:41:02,412 [INFO] DbMcusAds:125 - Set database path to: C:\Users\joelj\.stmcufinder\plugins\mcufinder//mcu/
2025-03-20 21:41:02,412 [WARN] DbFile:41 - Overriding database path with different value: C:\Users\joelj\.stmcufinder\plugins\mcufinder/ => C:\Users\joelj\.stmcufinder\plugins\mcufinder
2025-03-20 21:41:02,412 [WARN] DbFile:41 - Overriding database path with different value: C:\Users\joelj\.stmcufinder\plugins\mcufinder/ => C:\Users\joelj\.stmcufinder\plugins\mcufinder
2025-03-20 21:41:02,412 [INFO] CrossReferenceDbSqlite:203 - Set database path to: C:\Users\joelj\.stmcufinder\plugins\mcufinder//mcu/cs/
2025-03-20 21:41:02,431 [INFO] ApplicationProperties:184 - Using Application install path: J:\Joel\STM\STM32CubeIDE_1.17.0\STM32CubeIDE\plugins\com.st.stm32cube.common.mx_6.14.0.202502271554
2025-03-20 21:41:02,433 [INFO] PluginManage:196 - Search for loadable plugins [exclusion list=, ]
2025-03-20 21:41:02,434 [INFO] PluginManage:310 - Check plugin analytics
2025-03-20 21:41:02,656 [INFO] AnalyticsPlugin:253 - Accepted Software Licenses: 
2025-03-20 21:41:02,656 [INFO] AnalyticsPlugin:255 - Accepted CMSIS Pack Licenses: STMicroelectronics.X-CUBE-AI.9.1.0,STMicroelectronics.X-CUBE-AI.10.0.0
2025-03-20 21:41:02,656 [INFO] AnalyticsPlugin:257 - Accepted Firmware Licenses: FW.F4.1.28.0,FW.L4.1.18.0,FW.F7.1.17.0
2025-03-20 21:41:02,661 [INFO] PluginManage:359 - Loaded plugin analytics (category:tool,tabindex:-1)
2025-03-20 21:41:02,661 [INFO] PluginManage:310 - Check plugin cadmodel
2025-03-20 21:41:02,687 [INFO] CADModel:105 - Init CAD model plugin
2025-03-20 21:41:02,687 [INFO] PluginManage:359 - Loaded plugin cadmodel (category:power,tabindex:5)
2025-03-20 21:41:02,687 [INFO] PluginManage:310 - Check plugin clock
2025-03-20 21:41:02,709 [INFO] PluginManage:359 - Loaded plugin clock (category:base,tabindex:2)
2025-03-20 21:41:02,709 [INFO] PluginManage:310 - Check plugin ddr
2025-03-20 21:41:02,712 [INFO] PluginManage:359 - Loaded plugin ddr (category:tool,tabindex:6)
2025-03-20 21:41:02,712 [INFO] PluginManage:310 - Check plugin filemanager
2025-03-20 21:41:02,864 [INFO] PluginManage:359 - Loaded plugin filemanager (category:base,tabindex:10)
2025-03-20 21:41:02,865 [INFO] PluginManage:310 - Check plugin ipmanager
2025-03-20 21:41:02,872 [INFO] PluginManage:359 - Loaded plugin ipmanager (category:base,tabindex:5)
2025-03-20 21:41:02,872 [INFO] PluginManage:310 - Check plugin lpbam
2025-03-20 21:41:02,893 [INFO] PluginManage:359 - Loaded plugin lpbam (category:base,tabindex:0)
2025-03-20 21:41:02,893 [INFO] PluginManage:310 - Check plugin memorymap
2025-03-20 21:41:02,919 [INFO] PluginManage:359 - Loaded plugin memorymap (category:base,tabindex:4)
2025-03-20 21:41:02,919 [INFO] PluginManage:310 - Check plugin pinoutandconfiguration
2025-03-20 21:41:02,939 [INFO] PluginManage:359 - Loaded plugin pinoutandconfiguration (category:base,tabindex:1)
2025-03-20 21:41:02,939 [INFO] PluginManage:310 - Check plugin pinoutconfig
2025-03-20 21:41:03,034 [WARN] SupportedApi:132 - Cannot load RTOS API schema: s4s-elt-must-match.1: The content of 'definitions' must match (annotation?, (simpleType | complexType)?, (unique | key | keyref)*)). A problem was found starting at: attribute.
2025-03-20 21:41:03,160 [INFO] PluginManage:359 - Loaded plugin pinoutconfig (category:base,tabindex:0)
2025-03-20 21:41:03,160 [INFO] PluginManage:310 - Check plugin power
2025-03-20 21:41:03,184 [INFO] PluginManage:359 - Loaded plugin power (category:power,tabindex:4)
2025-03-20 21:41:03,184 [INFO] PluginManage:310 - Check plugin projectmanager
2025-03-20 21:41:03,198 [INFO] PluginManage:359 - Loaded plugin projectmanager (category:projectmanager,tabindex:4)
2025-03-20 21:41:03,198 [INFO] PluginManage:310 - Check plugin rif
2025-03-20 21:41:03,220 [INFO] PluginManage:359 - Loaded plugin rif (category:base,tabindex:3)
2025-03-20 21:41:03,220 [INFO] PluginManage:310 - Check plugin thirdparty
2025-03-20 21:41:03,544 [INFO] PluginManage:359 - Loaded plugin thirdparty (category:base,tabindex:-1)
2025-03-20 21:41:03,544 [WARN] IntegrityCheckThread:84 - waiting for thirdparty lock release [integrity check]
2025-03-20 21:41:03,545 [INFO] PluginManage:310 - Check plugin tools
2025-03-20 21:41:03,545 [INFO] IntegrityCheckThread:86 - entering critical section [integrity check]
2025-03-20 21:41:03,545 [INFO] ThirdPartyUpdaterWithRetryManager:70 - Updater plugin not ready yet. [1/15]
2025-03-20 21:41:03,591 [INFO] PluginManage:359 - Loaded plugin tools (category:base,tabindex:7)
2025-03-20 21:41:03,591 [INFO] PluginManage:310 - Check plugin tutovideos
2025-03-20 21:41:03,798 [INFO] PluginManage:359 - Loaded plugin tutovideos (category:base,tabindex:-1)
2025-03-20 21:41:03,798 [INFO] PluginManage:310 - Check plugin updater
2025-03-20 21:41:03,820 [INFO] PluginManage:359 - Loaded plugin updater (category:base,tabindex:12)
2025-03-20 21:41:03,821 [INFO] PluginManage:310 - Check plugin userauth
2025-03-20 21:41:03,825 [INFO] UserAuth:118 - Init User Auth plugin
2025-03-20 21:41:03,826 [INFO] PluginManage:359 - Loaded plugin userauth (category:base,tabindex:14)
2025-03-20 21:41:03,827 [INFO] PluginManage:283 - PluginManage : Loaded plugins [18]
2025-03-20 21:41:04,053 [INFO] PinOutPanel:1589 - setPackage(No Configuration,No Configuration)
2025-03-20 21:41:04,141 [INFO] CADModel:165 - CPN selected for project level
2025-03-20 21:41:04,141 [INFO] CADModel:114 - Register for checkConnection events
2025-03-20 21:41:04,174 [INFO] IPUIPlugin:80 - create IPUIPlugin
2025-03-20 21:41:04,174 [INFO] PluginManager:220 - loadIPPluginJar : add adc
2025-03-20 21:41:04,226 [INFO] IPUIPlugin:80 - create IPUIPlugin
2025-03-20 21:41:04,226 [INFO] PluginManager:220 - loadIPPluginJar : add aes
2025-03-20 21:41:04,292 [INFO] IPUIPlugin:80 - create IPUIPlugin
2025-03-20 21:41:04,292 [INFO] PluginManager:220 - loadIPPluginJar : add can
2025-03-20 21:41:04,336 [INFO] IPUIPlugin:80 - create IPUIPlugin
2025-03-20 21:41:04,336 [INFO] PluginManager:220 - loadIPPluginJar : add comp
2025-03-20 21:41:04,382 [INFO] IPUIPlugin:80 - create IPUIPlugin
2025-03-20 21:41:04,382 [INFO] PluginManager:220 - loadIPPluginJar : add cryp
2025-03-20 21:41:04,398 [INFO] IPUIPlugin:80 - create IPUIPlugin
2025-03-20 21:41:04,398 [INFO] PluginManager:220 - loadIPPluginJar : add ddr_ctrl_phy
2025-03-20 21:41:04,441 [INFO] IPUIPlugin:80 - create IPUIPlugin
2025-03-20 21:41:04,441 [INFO] PluginManager:220 - loadIPPluginJar : add dfsdm
2025-03-20 21:41:04,458 [INFO] IPUIPlugin:80 - create IPUIPlugin
2025-03-20 21:41:04,459 [INFO] PluginManager:220 - loadIPPluginJar : add dma
2025-03-20 21:41:04,512 [INFO] IPUIPlugin:80 - create IPUIPlugin
2025-03-20 21:41:04,512 [INFO] PluginManager:220 - loadIPPluginJar : add dma3
2025-03-20 21:41:04,571 [INFO] IPUIPlugin:80 - create IPUIPlugin
2025-03-20 21:41:04,571 [INFO] PluginManager:220 - loadIPPluginJar : add extmemmanager
2025-03-20 21:41:04,599 [INFO] IPUIPlugin:80 - create IPUIPlugin
2025-03-20 21:41:04,599 [INFO] PluginManager:220 - loadIPPluginJar : add fatfs
2025-03-20 21:41:04,659 [INFO] IPUIPlugin:80 - create IPUIPlugin
2025-03-20 21:41:04,659 [INFO] PluginManager:220 - loadIPPluginJar : add fmc
2025-03-20 21:41:04,675 [INFO] IPUIPlugin:80 - create IPUIPlugin
2025-03-20 21:41:04,677 [INFO] PluginManager:220 - loadIPPluginJar : add freertos
2025-03-20 21:41:04,706 [INFO] IPUIPlugin:80 - create IPUIPlugin
2025-03-20 21:41:04,706 [INFO] PluginManager:220 - loadIPPluginJar : add genericplugin
2025-03-20 21:41:04,832 [INFO] IPUIPlugin:80 - create IPUIPlugin
2025-03-20 21:41:04,832 [INFO] PluginManager:220 - loadIPPluginJar : add gfxmmu
2025-03-20 21:41:04,999 [INFO] IPUIPlugin:80 - create IPUIPlugin
2025-03-20 21:41:05,000 [INFO] PluginManager:220 - loadIPPluginJar : add gic
2025-03-20 21:41:05,015 [INFO] IPUIPlugin:80 - create IPUIPlugin
2025-03-20 21:41:05,015 [INFO] PluginManager:220 - loadIPPluginJar : add gpio
2025-03-20 21:41:05,130 [INFO] IPUIPlugin:80 - create IPUIPlugin
2025-03-20 21:41:05,131 [INFO] PluginManager:220 - loadIPPluginJar : add gtzc
2025-03-20 21:41:05,170 [INFO] IPUIPlugin:80 - create IPUIPlugin
2025-03-20 21:41:05,171 [INFO] PluginManager:220 - loadIPPluginJar : add hash
2025-03-20 21:41:05,238 [INFO] IPUIPlugin:80 - create IPUIPlugin
2025-03-20 21:41:05,239 [INFO] PluginManager:220 - loadIPPluginJar : add i2c
2025-03-20 21:41:05,289 [INFO] IPUIPlugin:80 - create IPUIPlugin
2025-03-20 21:41:05,289 [INFO] PluginManager:220 - loadIPPluginJar : add i2s
2025-03-20 21:41:05,338 [INFO] IPUIPlugin:80 - create IPUIPlugin
2025-03-20 21:41:05,338 [INFO] PluginManager:220 - loadIPPluginJar : add i3c
2025-03-20 21:41:05,451 [INFO] IPUIPlugin:80 - create IPUIPlugin
2025-03-20 21:41:05,451 [INFO] PluginManager:220 - loadIPPluginJar : add ipddr
2025-03-20 21:41:05,549 [INFO] IPUIPlugin:80 - create IPUIPlugin
2025-03-20 21:41:05,549 [INFO] PluginManager:220 - loadIPPluginJar : add linkedlist
2025-03-20 21:41:05,589 [INFO] IPUIPlugin:80 - create IPUIPlugin
2025-03-20 21:41:05,589 [INFO] PluginManager:220 - loadIPPluginJar : add lorawan
2025-03-20 21:41:05,631 [INFO] IPUIPlugin:80 - create IPUIPlugin
2025-03-20 21:41:05,631 [INFO] PluginManager:220 - loadIPPluginJar : add ltdc
2025-03-20 21:41:05,647 [INFO] IPUIPlugin:80 - create IPUIPlugin
2025-03-20 21:41:05,648 [INFO] PluginManager:220 - loadIPPluginJar : add mdma
2025-03-20 21:41:05,662 [INFO] IPUIPlugin:80 - create IPUIPlugin
2025-03-20 21:41:05,662 [INFO] PluginManager:220 - loadIPPluginJar : add nvic
2025-03-20 21:41:05,704 [INFO] IPUIPlugin:80 - create IPUIPlugin
2025-03-20 21:41:05,705 [INFO] PluginManager:220 - loadIPPluginJar : add opamp
2025-03-20 21:41:05,778 [INFO] IPUIPlugin:80 - create IPUIPlugin
2025-03-20 21:41:05,779 [INFO] PluginManager:220 - loadIPPluginJar : add openamp
2025-03-20 21:41:05,829 [INFO] IPUIPlugin:80 - create IPUIPlugin
2025-03-20 21:41:05,829 [INFO] PluginManager:220 - loadIPPluginJar : add pdm2pcm
2025-03-20 21:41:05,845 [INFO] IPUIPlugin:80 - create IPUIPlugin
2025-03-20 21:41:05,847 [INFO] PluginManager:220 - loadIPPluginJar : add plateformsettings
2025-03-20 21:41:05,875 [INFO] IPUIPlugin:80 - create IPUIPlugin
2025-03-20 21:41:05,875 [INFO] PluginManager:220 - loadIPPluginJar : add quadspi
2025-03-20 21:41:05,906 [INFO] IPUIPlugin:80 - create IPUIPlugin
2025-03-20 21:41:05,906 [INFO] PluginManager:220 - loadIPPluginJar : add radio
2025-03-20 21:41:05,921 [INFO] IPUIPlugin:80 - create IPUIPlugin
2025-03-20 21:41:05,922 [INFO] PluginManager:220 - loadIPPluginJar : add resmgrutility
2025-03-20 21:41:05,972 [INFO] IPUIPlugin:80 - create IPUIPlugin
2025-03-20 21:41:05,972 [INFO] PluginManager:220 - loadIPPluginJar : add sai
2025-03-20 21:41:06,012 [INFO] IPUIPlugin:80 - create IPUIPlugin
2025-03-20 21:41:06,012 [INFO] PluginManager:220 - loadIPPluginJar : add spi
2025-03-20 21:41:06,096 [INFO] IPUIPlugin:80 - create IPUIPlugin
2025-03-20 21:41:06,096 [INFO] PluginManager:220 - loadIPPluginJar : add stm32_wpan
2025-03-20 21:41:06,124 [INFO] IPUIPlugin:80 - create IPUIPlugin
2025-03-20 21:41:06,124 [INFO] PluginManager:220 - loadIPPluginJar : add tim
2025-03-20 21:41:06,189 [INFO] IPUIPlugin:80 - create IPUIPlugin
2025-03-20 21:41:06,189 [INFO] PluginManager:220 - loadIPPluginJar : add touchsensing
2025-03-20 21:41:06,218 [INFO] IPUIPlugin:80 - create IPUIPlugin
2025-03-20 21:41:06,218 [INFO] PluginManager:220 - loadIPPluginJar : add tracer_emb
2025-03-20 21:41:06,244 [INFO] IPUIPlugin:80 - create IPUIPlugin
2025-03-20 21:41:06,244 [INFO] PluginManager:220 - loadIPPluginJar : add ts
2025-03-20 21:41:06,247 [INFO] IPUIPlugin:80 - create IPUIPlugin
2025-03-20 21:41:06,247 [INFO] PluginManager:220 - loadIPPluginJar : add tsc
2025-03-20 21:41:06,272 [INFO] IPUIPlugin:80 - create IPUIPlugin
2025-03-20 21:41:06,272 [INFO] PluginManager:220 - loadIPPluginJar : add ucpd
2025-03-20 21:41:06,321 [INFO] IPUIPlugin:80 - create IPUIPlugin
2025-03-20 21:41:06,321 [INFO] PluginManager:220 - loadIPPluginJar : add usart
2025-03-20 21:41:06,373 [INFO] IPUIPlugin:80 - create IPUIPlugin
2025-03-20 21:41:06,373 [INFO] PluginManager:220 - loadIPPluginJar : add usbx
2025-03-20 21:41:06,494 [FATAL] Updater:351 - Updater called before beeing initialized
2025-03-20 21:41:06,515 [INFO] RulesReader:64 - Compatibility file has been processed (301 Rules)
2025-03-20 21:41:06,524 [INFO] RulesReader:64 - Compatibility file has been processed (301 Rules)
2025-03-20 21:41:06,532 [INFO] CADModel:165 - CPN selected for project level
2025-03-20 21:41:06,532 [INFO] CADModel:114 - Register for checkConnection events
2025-03-20 21:41:06,532 [FATAL] Updater:351 - Updater called before beeing initialized
2025-03-20 21:41:06,532 [ERROR] CADModel:125 - Updater not yet initialized, retry later 
2025-03-20 21:41:06,546 [INFO] ThirdPartyUpdaterWithRetryManager:70 - Updater plugin not ready yet. [2/15]
2025-03-20 21:41:06,697 [FATAL] Updater:351 - Updater called before beeing initialized
2025-03-20 21:41:06,699 [INFO] CADModel:165 - CPN selected for project level
2025-03-20 21:41:06,700 [INFO] CADModel:114 - Register for checkConnection events
2025-03-20 21:41:06,700 [FATAL] Updater:351 - Updater called before beeing initialized
2025-03-20 21:41:06,700 [ERROR] CADModel:125 - Updater not yet initialized, retry later 
2025-03-20 21:41:06,702 [FATAL] Updater:351 - Updater called before beeing initialized
2025-03-20 21:41:06,815 [FATAL] Updater:351 - Updater called before beeing initialized
2025-03-20 21:41:06,828 [INFO] DbMcusAds:53 - JSON generation date=Thu Mar 06 20:24:21 IST 2025 (1741272861825)
2025-03-20 21:41:06,828 [FATAL] Updater:351 - Updater called before beeing initialized
2025-03-20 21:41:06,910 [WARN] DetailPanel:346 - Failed to get advertising image, set to default
2025-03-20 21:41:07,120 [FATAL] Updater:351 - Updater called before beeing initialized
2025-03-20 21:41:07,122 [FATAL] Updater:351 - Updater called before beeing initialized
2025-03-20 21:41:07,122 [FATAL] Updater:351 - Updater called before beeing initialized
2025-03-20 21:41:07,122 [WARN] DetailPanel:346 - Failed to get advertising image, set to default
2025-03-20 21:41:07,123 [FATAL] Updater:351 - Updater called before beeing initialized
2025-03-20 21:41:07,179 [ERROR] Updater:1198 - MainUpdater not yet initialized. External WinMGr cannot be set.
2025-03-20 21:41:07,190 [INFO] Updater:1134 - Updater Version found : 6.14.0
2025-03-20 21:41:07,211 [INFO] ApplicationProperties:184 - Using Application install path: J:\Joel\STM\STM32CubeIDE_1.17.0\STM32CubeIDE\plugins\com.st.stm32cube.common.mx_6.14.0.202502271554
2025-03-20 21:41:08,791 [ERROR] LogOutputStream:75 - [STDERR_REDIRECT] Mar 20, 2025 9:41:08 PM java.util.prefs.WindowsPreferences <init>
2025-03-20 21:41:08,793 [ERROR] LogOutputStream:75 - [STDERR_REDIRECT] WARNING: Could not open/create prefs root node Software\JavaSoft\Prefs at root 0xffffffff80000002. Windows RegCreateKeyEx(...) returned error code 5.
2025-03-20 21:41:08,793 [ERROR] LogOutputStream:75 - [STDERR_REDIRECT] 
2025-03-20 21:41:09,292 [INFO] MainUpdater:2872 - connection check result : 10
2025-03-20 21:41:09,292 [INFO] MainUpdater:289 - Updater Check For Update Now.
2025-03-20 21:41:09,292 [INFO] MicroXplorer:498 - Change Database Version : DB.6.0.140
2025-03-20 21:41:09,308 [INFO] McuFinderGlobals:63 - Set McuFinder mode to 2 (CubeIDE integrated)
2025-03-20 21:41:09,316 [INFO] UserAuth:486 - Internet connection configuration mode: 1
2025-03-20 21:41:09,355 [INFO] JxBrowserEngine:152 - Initiate JxBrowser Engine with user profile folder
2025-03-20 21:41:09,495 [INFO] CheckServerUpdateThread:120 - End of CheckServer Thread
2025-03-20 21:41:09,786 [WARN] PackLoader:240 - Cannot read IP mode file for STMicroelectronics.FP-SNS-MOTENVWB1.1.4.0
2025-03-20 21:41:09,804 [WARN] PackLoader:240 - Cannot read IP mode file for STMicroelectronics.FP-ATR-ASTRA1.2.0.2
2025-03-20 21:41:09,817 [WARN] PackLoader:240 - Cannot read IP mode file for STMicroelectronics.FP-ATR-ASTRA1.2.0.1
2025-03-20 21:41:09,833 [WARN] PackLoader:240 - Cannot read IP mode file for STMicroelectronics.X-CUBE-SMBUS.2.1.0
2025-03-20 21:41:09,850 [WARN] PackLoader:240 - Cannot read IP mode file for STMicroelectronics.X-CUBE-WB05N.1.1.0
2025-03-20 21:41:09,889 [WARN] PackLoader:240 - Cannot read IP mode file for STMicroelectronics.X-CUBE-AZRTOS-F7.1.1.0
2025-03-20 21:41:09,943 [WARN] PackLoader:240 - Cannot read IP mode file for STMicroelectronics.FP-SNS-FLIGHT1.5.0.2
2025-03-20 21:41:09,972 [WARN] PackLoader:240 - Cannot read IP mode file for Infineon.AIROC-Wi-Fi-Bluetooth-STM32.1.7.0
2025-03-20 21:41:09,995 [WARN] PackLoader:240 - Cannot read IP mode file for STMicroelectronics.X-CUBE-DISPLAY.3.0.0
2025-03-20 21:41:10,013 [WARN] PackLoader:240 - Cannot read IP mode file for STMicroelectronics.X-CUBE-BLE1.7.0.0
2025-03-20 21:41:10,028 [WARN] PackLoader:240 - Cannot read IP mode file for STMicroelectronics.X-CUBE-NFC10.1.0.0
2025-03-20 21:41:10,046 [WARN] PackLoader:240 - Cannot read IP mode file for STMicroelectronics.X-CUBE-BLEMGR.4.0.0
2025-03-20 21:41:10,062 [WARN] PackLoader:240 - Cannot read IP mode file for emotas.I-CUBE-CANOPEN.1.3.0
2025-03-20 21:41:10,076 [WARN] ConditionMgr:438 - getConditionDescription Invalid condition id : Cortex-A Device cause : null
2025-03-20 21:41:10,096 [WARN] ConditionMgr:1044 - genDependencies : Invalid condition id : Cortex-A Device cause : null
2025-03-20 21:41:10,096 [WARN] ConditionMgr:1044 - genDependencies : Invalid condition id : Cortex-A Device cause : null
2025-03-20 21:41:10,096 [WARN] ConditionMgr:1044 - genDependencies : Invalid condition id : Cortex-A Device cause : null
2025-03-20 21:41:10,112 [WARN] PackLoader:240 - Cannot read IP mode file for STMicroelectronics.X-CUBE-AI.10.0.0
2025-03-20 21:41:10,198 [WARN] PackLoader:240 - Cannot read IP mode file for STMicroelectronics.FP-SNS-SMARTAG2.1.2.0
2025-03-20 21:41:10,211 [WARN] PackLoader:240 - Cannot read IP mode file for STMicroelectronics.FP-SNS-FLIGHT1.5.1.0
2025-03-20 21:41:10,256 [WARN] PackLoader:240 - Cannot read IP mode file for STMicroelectronics.X-CUBE-MEMS1.11.1.0
2025-03-20 21:41:10,448 [INFO] LogOutputStream:77 - [STDOUT_REDIRECT] 1 : Invalid condition id : UX_CORESTACK_Condition cause : null
2025-03-20 21:41:10,449 [INFO] LogOutputStream:77 - [STDOUT_REDIRECT] 1 : Invalid condition id : UX_CORESTACK_Condition cause : null
2025-03-20 21:41:10,449 [INFO] LogOutputStream:77 - [STDOUT_REDIRECT] 1 : Invalid condition id : UX_CORESTACK_Condition cause : null
2025-03-20 21:41:10,450 [INFO] LogOutputStream:77 - [STDOUT_REDIRECT] 1 : Invalid condition id : UX_CORESTACK_Condition cause : null
2025-03-20 21:41:10,451 [INFO] LogOutputStream:77 - [STDOUT_REDIRECT] 1 : Invalid condition id : UX_CORESTACK_Condition cause : null
2025-03-20 21:41:10,453 [WARN] PackLoader:240 - Cannot read IP mode file for STMicroelectronics.X-CUBE-AZRTOS-WL.2.0.0
2025-03-20 21:41:10,471 [WARN] PackLoader:240 - Cannot read IP mode file for STMicroelectronics.FP-SNS-MOTENV1.5.0.0
2025-03-20 21:41:10,489 [WARN] PackLoader:240 - Cannot read IP mode file for wolfSSL.I-CUBE-wolfMQTT.1.19.0
2025-03-20 21:41:10,507 [WARN] PackLoader:240 - Cannot read IP mode file for WES.I-CUBE-Cesium.1.3.0
2025-03-20 21:41:10,521 [WARN] PackLoader:240 - Cannot read IP mode file for STMicroelectronics.X-CUBE-BLE2.3.3.0
2025-03-20 21:41:10,537 [WARN] PackLoader:240 - Cannot read IP mode file for STMicroelectronics.X-CUBE-NFC9.1.0.0
2025-03-20 21:41:10,551 [WARN] PackLoader:240 - Cannot read IP mode file for STMicroelectronics.X-CUBE-BLE1.7.1.0
2025-03-20 21:41:10,564 [WARN] PackLoader:240 - Cannot read IP mode file for wolfSSL.I-CUBE-wolfMQTT.1.19.2
2025-03-20 21:41:10,588 [WARN] PackLoader:240 - Cannot read IP mode file for STMicroelectronics.X-CUBE-AZRTOS-G0.1.1.0
2025-03-20 21:41:10,607 [WARN] PackLoader:240 - Cannot read IP mode file for STMicroelectronics.X-CUBE-SAFEA1.1.2.2
2025-03-20 21:41:10,631 [WARN] PackLoader:240 - Cannot read IP mode file for STMicroelectronics.X-CUBE-NFC4.3.0.0
2025-03-20 21:41:10,657 [WARN] PackLoader:240 - Cannot read IP mode file for EmbeddedOffice.I-CUBE-FS-RTOS.1.0.1
2025-03-20 21:41:10,677 [WARN] PackLoader:240 - Cannot read IP mode file for wolfSSL.I-CUBE-wolfTPM.3.8.0
2025-03-20 21:41:10,699 [WARN] PackLoader:240 - Cannot read IP mode file for STMicroelectronics.X-CUBE-TCPP.4.2.0
2025-03-20 21:41:10,722 [WARN] PackLoader:240 - Cannot read IP mode file for RealThread.X-CUBE-RT-Thread_Nano.4.1.1
2025-03-20 21:41:10,738 [WARN] PackLoader:240 - Cannot read IP mode file for STMicroelectronics.FP-ATR-SIGFOX1.3.2.0
2025-03-20 21:41:10,752 [WARN] ConditionMgr:438 - getConditionDescription Invalid condition id : Cortex-A Device cause : null
2025-03-20 21:41:10,772 [WARN] ConditionMgr:1044 - genDependencies : Invalid condition id : Cortex-A Device cause : null
2025-03-20 21:41:10,772 [WARN] ConditionMgr:1044 - genDependencies : Invalid condition id : Cortex-A Device cause : null
2025-03-20 21:41:10,772 [WARN] ConditionMgr:1044 - genDependencies : Invalid condition id : Cortex-A Device cause : null
2025-03-20 21:41:10,790 [WARN] PackLoader:240 - Cannot read IP mode file for STMicroelectronics.X-CUBE-EEPRMA1.5.1.0
2025-03-20 21:41:10,803 [WARN] PackLoader:240 - Cannot read IP mode file for wolfSSL.I-CUBE-wolfSSL.5.7.6
2025-03-20 21:41:10,820 [WARN] PackLoader:240 - Cannot read IP mode file for ITTIA_DB.I-CUBE-ITTIADB.8.9.0
2025-03-20 21:41:10,847 [WARN] PackLoader:240 - Cannot read IP mode file for SEGGER.I-CUBE-embOS.1.3.1
2025-03-20 21:41:10,876 [WARN] PackLoader:240 - Cannot read IP mode file for STMicroelectronics.X-CUBE-ALGOBUILD.1.4.0
2025-03-20 21:41:10,901 [WARN] PackLoader:240 - Cannot read IP mode file for STMicroelectronics.X-CUBE-AZRTOS-F4.1.1.0
2025-03-20 21:41:10,920 [WARN] PackLoader:240 - Cannot read IP mode file for STMicroelectronics.X-CUBE-ISPU.2.1.0
2025-03-20 21:41:10,945 [INFO] WebApp:169 - Instantiating new browser for Auth
2025-03-20 21:41:10,951 [WARN] PackLoader:240 - Cannot read IP mode file for STMicroelectronics.X-CUBE-AZRTOS-L5.2.0.0
2025-03-20 21:41:10,985 [WARN] PackLoader:240 - Cannot read IP mode file for STMicroelectronics.X-CUBE-NFC6.3.1.0
2025-03-20 21:41:11,011 [WARN] PackLoader:240 - Cannot read IP mode file for STMicroelectronics.X-CUBE-DPower.1.2.0
2025-03-20 21:41:11,027 [WARN] PackLoader:240 - Cannot read IP mode file for STMicroelectronics.X-CUBE-FREERTOS.1.3.0
2025-03-20 21:41:11,046 [WARN] PackLoader:240 - Cannot read IP mode file for STMicroelectronics.X-CUBE-NFC7.1.0.1
2025-03-20 21:41:11,076 [WARN] ConditionMgr:438 - getConditionDescription Invalid condition id : LAN8742 Phy interface Condition cause : null
2025-03-20 21:41:11,077 [WARN] PackLoader:240 - Cannot read IP mode file for STMicroelectronics.X-CUBE-AZRTOS-L4.2.0.0
2025-03-20 21:41:11,077 [WARN] ConditionMgr:1044 - genDependencies : Invalid condition id : LAN8742 Phy interface Condition cause : null
2025-03-20 21:41:11,077 [WARN] ConditionMgr:1044 - genDependencies : Invalid condition id : LAN8742 Phy interface Condition cause : null
2025-03-20 21:41:11,077 [WARN] ConditionMgr:1044 - genDependencies : Invalid condition id : LAN8742 Phy interface Condition cause : null
2025-03-20 21:41:11,097 [WARN] PackLoader:240 - Cannot read IP mode file for STMicroelectronics.X-CUBE-SFXS2LP1.4.0.0
2025-03-20 21:41:11,126 [WARN] PackLoader:240 - Cannot read IP mode file for STMicroelectronics.X-CUBE-AZRTOS-H7.3.3.0
2025-03-20 21:41:11,158 [WARN] ConditionMgr:438 - getConditionDescription Invalid condition id : UX DEVICE CLASS RTOS Condition cause : null
2025-03-20 21:41:11,158 [WARN] ConditionMgr:438 - getConditionDescription Invalid condition id : UX DEVICE CLASS RTOS Condition cause : null
2025-03-20 21:41:11,159 [WARN] PackLoader:240 - Cannot read IP mode file for STMicroelectronics.X-CUBE-AZRTOS-WB.2.0.0
2025-03-20 21:41:11,160 [WARN] ConditionMgr:1044 - genDependencies : Invalid condition id : UX DEVICE CLASS RTOS Condition cause : null
2025-03-20 21:41:11,160 [WARN] ConditionMgr:1044 - genDependencies : Invalid condition id : UX DEVICE CLASS RTOS Condition cause : null
2025-03-20 21:41:11,160 [WARN] ConditionMgr:1044 - genDependencies : Invalid condition id : UX DEVICE CLASS RTOS Condition cause : null
2025-03-20 21:41:11,160 [WARN] ConditionMgr:1044 - genDependencies : Invalid condition id : UX DEVICE CLASS RTOS Condition cause : null
2025-03-20 21:41:11,160 [WARN] ConditionMgr:1044 - genDependencies : Invalid condition id : UX DEVICE CLASS RTOS Condition cause : null
2025-03-20 21:41:11,176 [WARN] PackLoader:240 - Cannot read IP mode file for STMicroelectronics.X-CUBE-GNSS1.7.0.1
2025-03-20 21:41:11,194 [WARN] PackLoader:240 - Cannot read IP mode file for STMicroelectronics.X-CUBE-TOUCHGFX.4.25.0
2025-03-20 21:41:11,211 [WARN] PackLoader:240 - Cannot read IP mode file for STMicroelectronics.FP-SNS-STBOX1.2.0.0
2025-03-20 21:41:11,230 [WARN] PackLoader:240 - Cannot read IP mode file for STMicroelectronics.X-CUBE-SUBG2.5.0.0
2025-03-20 21:41:11,245 [WARN] PackLoader:240 - Cannot read IP mode file for Cesanta.I-CUBE-Mongoose.7.13.0
2025-03-20 21:41:11,268 [WARN] PackLoader:240 - Cannot read IP mode file for STMicroelectronics.X-CUBE-AZRTOS-G4.2.0.0
2025-03-20 21:41:11,283 [WARN] PackLoader:240 - Cannot read IP mode file for wolfSSL.I-CUBE-wolfSSH.1.4.20
2025-03-20 21:41:11,303 [WARN] PackLoader:240 - Cannot read IP mode file for STMicroelectronics.X-CUBE-IPS.3.1.0
2025-03-20 21:41:11,321 [WARN] PackLoader:240 - Cannot read IP mode file for STMicroelectronics.X-CUBE-ALS.1.0.2
2025-03-20 21:41:11,335 [WARN] PackLoader:240 - Cannot read IP mode file for STMicroelectronics.X-CUBE-TOUCHGFX.4.24.2
2025-03-20 21:41:11,347 [WARN] PackLoader:240 - Cannot read IP mode file for wolfSSL.I-CUBE-wolfTPM.3.4.0
2025-03-20 21:41:11,362 [WARN] PackLoader:240 - Cannot read IP mode file for portGmbH.I-Cube-SoM-uGOAL.1.1.0
2025-03-20 21:41:11,390 [WARN] PackLoader:240 - Cannot read IP mode file for STMicroelectronics.X-CUBE-AZRTOS-H7RS.1.0.0
2025-03-20 21:41:11,410 [WARN] PackLoader:240 - Cannot read IP mode file for STMicroelectronics.X-CUBE-TOF1.3.4.2
2025-03-20 21:41:11,427 [WARN] PackLoader:240 - Cannot read IP mode file for wolfSSL.I-CUBE-wolfSSH.1.4.17
2025-03-20 21:41:11,428 [INFO] ThirdParty:978 - Integrity check success = true
2025-03-20 21:41:11,428 [INFO] IntegrityCheckThread:100 - exiting critical section [integrity check]
2025-03-20 21:41:11,428 [INFO] IntegrityCheckThread:103 - End integrity checks thread
2025-03-20 21:41:11,769 [INFO] WebApp:463 - Apply proxy settings
2025-03-20 21:41:11,770 [INFO] WebApp:548 - Chromium requires no authentication
2025-03-20 21:41:11,778 [INFO] WebApp:491 - Direct internet connection detected
2025-03-20 21:41:11,801 [INFO] WebApp:894 - Register for checkConnection events
2025-03-20 21:41:11,801 [INFO] WebApp:463 - Apply proxy settings
2025-03-20 21:41:11,802 [INFO] WebApp:548 - Chromium requires no authentication
2025-03-20 21:41:11,802 [INFO] WebApp:491 - Direct internet connection detected
2025-03-20 21:41:11,953 [INFO] WebApp:225 - Starting web application
2025-03-20 21:41:11,953 [INFO] WebApp:593 - Web application path used J:\Joel\STM\STM32CubeIDE_1.17.0\STM32CubeIDE\plugins\com.st.stm32cube.common.mx_6.14.0.202502271554\db\plugins\mcufinder\reactClient1\index.html
2025-03-20 21:41:12,079 [INFO] UserAuth:486 - Internet connection configuration mode: 1
2025-03-20 21:41:12,126 [INFO] WebApp:191 - Connection restablished
2025-03-20 23:36:39,832 [ERROR] LogOutputStream:75 - [STDERR_REDIRECT] 
2025-03-20 23:36:39,834 [ERROR] LogOutputStream:75 - [STDERR_REDIRECT] 
