2025-03-19 16:47:48,424 [INFO] Activator:176 - 


2025-03-19 16:47:48,428 [INFO] Activator:177 - !SESSION log4j initialized
2025-03-19 16:47:57,170 [INFO] LogOutputStream:77 - [STDOUT_REDIRECT] 
2025-03-19 16:47:58,839 [INFO] ApplicationProperties:184 - Using Application install path: J:\Joel\STM\STM32CubeIDE_1.17.0\STM32CubeIDE\plugins\com.st.stm32cube.common.mx_6.14.0.202502271554
2025-03-19 16:47:58,858 [INFO] DbMcusXml:78 - Set database path to: J:\Joel\STM\STM32CubeIDE_1.17.0\STM32CubeIDE\plugins\com.st.stm32cube.common.mx_6.14.0.202502271554\\db\/mcu/
2025-03-19 16:47:58,858 [INFO] ApiDb:274 - Set plugin database path to: J:\Joel\STM\STM32CubeIDE_1.17.0\STM32CubeIDE\plugins\com.st.stm32cube.common.mx_6.14.0.202502271554\\db\/plugins/boardmanager/
2025-03-19 16:47:58,859 [WARN] ApiDb:259 - Overriding images path with different value:  => J:\Joel\STM\STM32CubeIDE_1.17.0\STM32CubeIDE\plugins\com.st.stm32cube.common.mx_6.14.0.202502271554\\db\/plugins/mcufinder/images/
2025-03-19 16:47:58,866 [INFO] ApiDb:250 - Set database path to: C:\Users\joelj\.stmcufinder\plugins\mcufinder//mcu/
2025-03-19 16:47:58,867 [INFO] DbMcusAds:125 - Set database path to: C:\Users\joelj\.stmcufinder\plugins\mcufinder//mcu/
2025-03-19 16:47:58,869 [INFO] CrossReferenceDbSqlite:203 - Set database path to: C:\Users\joelj\.stmcufinder\plugins\mcufinder//mcu/cs/
2025-03-19 16:47:58,989 [INFO] RulesReader:64 - Compatibility file has been processed (301 Rules)
2025-03-19 16:47:59,088 [INFO] DbMcusXml:78 - Set database path to: J:\Joel\STM\STM32CubeIDE_1.17.0\STM32CubeIDE\plugins\com.st.stm32cube.common.mx_6.14.0.202502271554\\db\/mcu/
2025-03-19 16:47:59,088 [INFO] ApiDb:274 - Set plugin database path to: J:\Joel\STM\STM32CubeIDE_1.17.0\STM32CubeIDE\plugins\com.st.stm32cube.common.mx_6.14.0.202502271554\\db\/plugins/boardmanager/
2025-03-19 16:47:59,088 [INFO] ApiDb:261 - Set plugin images path to: J:\Joel\STM\STM32CubeIDE_1.17.0\STM32CubeIDE\plugins\com.st.stm32cube.common.mx_6.14.0.202502271554\\db\/plugins/mcufinder/images/
2025-03-19 16:47:59,089 [WARN] DbFile:41 - Overriding database path with different value: C:\Users\joelj\.stmcufinder\plugins\mcufinder/ => C:\Users\joelj\.stmcufinder\plugins\mcufinder
2025-03-19 16:47:59,089 [INFO] ApiDb:250 - Set database path to: C:\Users\joelj\.stmcufinder\plugins\mcufinder//mcu/
2025-03-19 16:47:59,089 [WARN] DbFile:41 - Overriding database path with different value: C:\Users\joelj\.stmcufinder\plugins\mcufinder/ => C:\Users\joelj\.stmcufinder\plugins\mcufinder
2025-03-19 16:47:59,089 [INFO] DbMcusAds:125 - Set database path to: C:\Users\joelj\.stmcufinder\plugins\mcufinder//mcu/
2025-03-19 16:47:59,089 [WARN] DbFile:41 - Overriding database path with different value: C:\Users\joelj\.stmcufinder\plugins\mcufinder/ => C:\Users\joelj\.stmcufinder\plugins\mcufinder
2025-03-19 16:47:59,089 [WARN] DbFile:41 - Overriding database path with different value: C:\Users\joelj\.stmcufinder\plugins\mcufinder/ => C:\Users\joelj\.stmcufinder\plugins\mcufinder
2025-03-19 16:47:59,089 [INFO] CrossReferenceDbSqlite:203 - Set database path to: C:\Users\joelj\.stmcufinder\plugins\mcufinder//mcu/cs/
2025-03-19 16:47:59,173 [INFO] MainPanel:272 - HeapMemory: 268435456
2025-03-19 16:47:59,311 [INFO] DbMcusXml:78 - Set database path to: J:\Joel\STM\STM32CubeIDE_1.17.0\STM32CubeIDE\plugins\com.st.stm32cube.common.mx_6.14.0.202502271554\\db\/mcu/
2025-03-19 16:47:59,311 [INFO] ApiDb:274 - Set plugin database path to: J:\Joel\STM\STM32CubeIDE_1.17.0\STM32CubeIDE\plugins\com.st.stm32cube.common.mx_6.14.0.202502271554\\db\/plugins/boardmanager/
2025-03-19 16:47:59,311 [INFO] ApiDb:261 - Set plugin images path to: J:\Joel\STM\STM32CubeIDE_1.17.0\STM32CubeIDE\plugins\com.st.stm32cube.common.mx_6.14.0.202502271554\\db\/plugins/mcufinder/images/
2025-03-19 16:47:59,311 [WARN] DbFile:41 - Overriding database path with different value: C:\Users\joelj\.stmcufinder\plugins\mcufinder/ => C:\Users\joelj\.stmcufinder\plugins\mcufinder
2025-03-19 16:47:59,311 [INFO] ApiDb:250 - Set database path to: C:\Users\joelj\.stmcufinder\plugins\mcufinder//mcu/
2025-03-19 16:47:59,312 [WARN] DbFile:41 - Overriding database path with different value: C:\Users\joelj\.stmcufinder\plugins\mcufinder/ => C:\Users\joelj\.stmcufinder\plugins\mcufinder
2025-03-19 16:47:59,312 [INFO] DbMcusAds:125 - Set database path to: C:\Users\joelj\.stmcufinder\plugins\mcufinder//mcu/
2025-03-19 16:47:59,312 [WARN] DbFile:41 - Overriding database path with different value: C:\Users\joelj\.stmcufinder\plugins\mcufinder/ => C:\Users\joelj\.stmcufinder\plugins\mcufinder
2025-03-19 16:47:59,312 [WARN] DbFile:41 - Overriding database path with different value: C:\Users\joelj\.stmcufinder\plugins\mcufinder/ => C:\Users\joelj\.stmcufinder\plugins\mcufinder
2025-03-19 16:47:59,312 [INFO] CrossReferenceDbSqlite:203 - Set database path to: C:\Users\joelj\.stmcufinder\plugins\mcufinder//mcu/cs/
2025-03-19 16:47:59,333 [INFO] ApplicationProperties:184 - Using Application install path: J:\Joel\STM\STM32CubeIDE_1.17.0\STM32CubeIDE\plugins\com.st.stm32cube.common.mx_6.14.0.202502271554
2025-03-19 16:47:59,334 [INFO] PluginManage:196 - Search for loadable plugins [exclusion list=, ]
2025-03-19 16:47:59,336 [INFO] PluginManage:310 - Check plugin analytics
2025-03-19 16:47:59,556 [INFO] AnalyticsPlugin:253 - Accepted Software Licenses: 
2025-03-19 16:47:59,556 [INFO] AnalyticsPlugin:255 - Accepted CMSIS Pack Licenses: STMicroelectronics.X-CUBE-AI.9.1.0,STMicroelectronics.X-CUBE-AI.10.0.0
2025-03-19 16:47:59,557 [INFO] AnalyticsPlugin:257 - Accepted Firmware Licenses: FW.F4.1.28.0,FW.L4.1.18.0,FW.F7.1.17.0
2025-03-19 16:47:59,560 [INFO] PluginManage:359 - Loaded plugin analytics (category:tool,tabindex:-1)
2025-03-19 16:47:59,561 [INFO] PluginManage:310 - Check plugin cadmodel
2025-03-19 16:47:59,589 [INFO] CADModel:105 - Init CAD model plugin
2025-03-19 16:47:59,589 [INFO] PluginManage:359 - Loaded plugin cadmodel (category:power,tabindex:5)
2025-03-19 16:47:59,589 [INFO] PluginManage:310 - Check plugin clock
2025-03-19 16:47:59,616 [INFO] PluginManage:359 - Loaded plugin clock (category:base,tabindex:2)
2025-03-19 16:47:59,616 [INFO] PluginManage:310 - Check plugin ddr
2025-03-19 16:47:59,618 [INFO] PluginManage:359 - Loaded plugin ddr (category:tool,tabindex:6)
2025-03-19 16:47:59,619 [INFO] PluginManage:310 - Check plugin filemanager
2025-03-19 16:47:59,787 [INFO] PluginManage:359 - Loaded plugin filemanager (category:base,tabindex:10)
2025-03-19 16:47:59,787 [INFO] PluginManage:310 - Check plugin ipmanager
2025-03-19 16:47:59,796 [INFO] PluginManage:359 - Loaded plugin ipmanager (category:base,tabindex:5)
2025-03-19 16:47:59,796 [INFO] PluginManage:310 - Check plugin lpbam
2025-03-19 16:47:59,817 [INFO] PluginManage:359 - Loaded plugin lpbam (category:base,tabindex:0)
2025-03-19 16:47:59,818 [INFO] PluginManage:310 - Check plugin memorymap
2025-03-19 16:47:59,845 [INFO] PluginManage:359 - Loaded plugin memorymap (category:base,tabindex:4)
2025-03-19 16:47:59,845 [INFO] PluginManage:310 - Check plugin pinoutandconfiguration
2025-03-19 16:47:59,866 [INFO] PluginManage:359 - Loaded plugin pinoutandconfiguration (category:base,tabindex:1)
2025-03-19 16:47:59,866 [INFO] PluginManage:310 - Check plugin pinoutconfig
2025-03-19 16:47:59,967 [WARN] SupportedApi:132 - Cannot load RTOS API schema: s4s-elt-must-match.1: The content of 'definitions' must match (annotation?, (simpleType | complexType)?, (unique | key | keyref)*)). A problem was found starting at: attribute.
2025-03-19 16:48:00,098 [INFO] PluginManage:359 - Loaded plugin pinoutconfig (category:base,tabindex:0)
2025-03-19 16:48:00,098 [INFO] PluginManage:310 - Check plugin power
2025-03-19 16:48:00,121 [INFO] PluginManage:359 - Loaded plugin power (category:power,tabindex:4)
2025-03-19 16:48:00,121 [INFO] PluginManage:310 - Check plugin projectmanager
2025-03-19 16:48:00,135 [INFO] PluginManage:359 - Loaded plugin projectmanager (category:projectmanager,tabindex:4)
2025-03-19 16:48:00,135 [INFO] PluginManage:310 - Check plugin rif
2025-03-19 16:48:00,156 [INFO] PluginManage:359 - Loaded plugin rif (category:base,tabindex:3)
2025-03-19 16:48:00,156 [INFO] PluginManage:310 - Check plugin thirdparty
2025-03-19 16:48:00,481 [INFO] PluginManage:359 - Loaded plugin thirdparty (category:base,tabindex:-1)
2025-03-19 16:48:00,481 [WARN] IntegrityCheckThread:84 - waiting for thirdparty lock release [integrity check]
2025-03-19 16:48:00,482 [INFO] PluginManage:310 - Check plugin tools
2025-03-19 16:48:00,482 [INFO] IntegrityCheckThread:86 - entering critical section [integrity check]
2025-03-19 16:48:00,482 [INFO] ThirdPartyUpdaterWithRetryManager:70 - Updater plugin not ready yet. [1/15]
2025-03-19 16:48:00,531 [INFO] PluginManage:359 - Loaded plugin tools (category:base,tabindex:7)
2025-03-19 16:48:00,531 [INFO] PluginManage:310 - Check plugin tutovideos
2025-03-19 16:48:00,737 [INFO] PluginManage:359 - Loaded plugin tutovideos (category:base,tabindex:-1)
2025-03-19 16:48:00,737 [INFO] PluginManage:310 - Check plugin updater
2025-03-19 16:48:00,759 [INFO] PluginManage:359 - Loaded plugin updater (category:base,tabindex:12)
2025-03-19 16:48:00,759 [INFO] PluginManage:310 - Check plugin userauth
2025-03-19 16:48:00,773 [INFO] UserAuth:118 - Init User Auth plugin
2025-03-19 16:48:00,774 [INFO] PluginManage:359 - Loaded plugin userauth (category:base,tabindex:14)
2025-03-19 16:48:00,774 [INFO] PluginManage:283 - PluginManage : Loaded plugins [18]
2025-03-19 16:48:00,992 [INFO] PinOutPanel:1589 - setPackage(No Configuration,No Configuration)
2025-03-19 16:48:01,076 [INFO] CADModel:165 - CPN selected for project level
2025-03-19 16:48:01,076 [INFO] CADModel:114 - Register for checkConnection events
2025-03-19 16:48:01,111 [INFO] IPUIPlugin:80 - create IPUIPlugin
2025-03-19 16:48:01,112 [INFO] PluginManager:220 - loadIPPluginJar : add adc
2025-03-19 16:48:01,170 [INFO] IPUIPlugin:80 - create IPUIPlugin
2025-03-19 16:48:01,171 [INFO] PluginManager:220 - loadIPPluginJar : add aes
2025-03-19 16:48:01,235 [INFO] IPUIPlugin:80 - create IPUIPlugin
2025-03-19 16:48:01,235 [INFO] PluginManager:220 - loadIPPluginJar : add can
2025-03-19 16:48:01,273 [INFO] IPUIPlugin:80 - create IPUIPlugin
2025-03-19 16:48:01,273 [INFO] PluginManager:220 - loadIPPluginJar : add comp
2025-03-19 16:48:01,328 [INFO] IPUIPlugin:80 - create IPUIPlugin
2025-03-19 16:48:01,328 [INFO] PluginManager:220 - loadIPPluginJar : add cryp
2025-03-19 16:48:01,344 [INFO] IPUIPlugin:80 - create IPUIPlugin
2025-03-19 16:48:01,344 [INFO] PluginManager:220 - loadIPPluginJar : add ddr_ctrl_phy
2025-03-19 16:48:01,387 [INFO] IPUIPlugin:80 - create IPUIPlugin
2025-03-19 16:48:01,387 [INFO] PluginManager:220 - loadIPPluginJar : add dfsdm
2025-03-19 16:48:01,404 [INFO] IPUIPlugin:80 - create IPUIPlugin
2025-03-19 16:48:01,405 [INFO] PluginManager:220 - loadIPPluginJar : add dma
2025-03-19 16:48:01,460 [INFO] IPUIPlugin:80 - create IPUIPlugin
2025-03-19 16:48:01,460 [INFO] PluginManager:220 - loadIPPluginJar : add dma3
2025-03-19 16:48:01,521 [INFO] IPUIPlugin:80 - create IPUIPlugin
2025-03-19 16:48:01,521 [INFO] PluginManager:220 - loadIPPluginJar : add extmemmanager
2025-03-19 16:48:01,551 [INFO] IPUIPlugin:80 - create IPUIPlugin
2025-03-19 16:48:01,551 [INFO] PluginManager:220 - loadIPPluginJar : add fatfs
2025-03-19 16:48:01,617 [INFO] IPUIPlugin:80 - create IPUIPlugin
2025-03-19 16:48:01,617 [INFO] PluginManager:220 - loadIPPluginJar : add fmc
2025-03-19 16:48:01,636 [INFO] IPUIPlugin:80 - create IPUIPlugin
2025-03-19 16:48:01,636 [INFO] PluginManager:220 - loadIPPluginJar : add freertos
2025-03-19 16:48:01,670 [INFO] IPUIPlugin:80 - create IPUIPlugin
2025-03-19 16:48:01,670 [INFO] PluginManager:220 - loadIPPluginJar : add genericplugin
2025-03-19 16:48:01,805 [INFO] IPUIPlugin:80 - create IPUIPlugin
2025-03-19 16:48:01,805 [INFO] PluginManager:220 - loadIPPluginJar : add gfxmmu
2025-03-19 16:48:01,997 [INFO] IPUIPlugin:80 - create IPUIPlugin
2025-03-19 16:48:01,997 [INFO] PluginManager:220 - loadIPPluginJar : add gic
2025-03-19 16:48:02,014 [INFO] IPUIPlugin:80 - create IPUIPlugin
2025-03-19 16:48:02,014 [INFO] PluginManager:220 - loadIPPluginJar : add gpio
2025-03-19 16:48:02,139 [INFO] IPUIPlugin:80 - create IPUIPlugin
2025-03-19 16:48:02,139 [INFO] PluginManager:220 - loadIPPluginJar : add gtzc
2025-03-19 16:48:02,184 [INFO] IPUIPlugin:80 - create IPUIPlugin
2025-03-19 16:48:02,184 [INFO] PluginManager:220 - loadIPPluginJar : add hash
2025-03-19 16:48:02,262 [INFO] IPUIPlugin:80 - create IPUIPlugin
2025-03-19 16:48:02,262 [INFO] PluginManager:220 - loadIPPluginJar : add i2c
2025-03-19 16:48:02,312 [INFO] IPUIPlugin:80 - create IPUIPlugin
2025-03-19 16:48:02,312 [INFO] PluginManager:220 - loadIPPluginJar : add i2s
2025-03-19 16:48:02,365 [INFO] IPUIPlugin:80 - create IPUIPlugin
2025-03-19 16:48:02,365 [INFO] PluginManager:220 - loadIPPluginJar : add i3c
2025-03-19 16:48:02,492 [INFO] IPUIPlugin:80 - create IPUIPlugin
2025-03-19 16:48:02,492 [INFO] PluginManager:220 - loadIPPluginJar : add ipddr
2025-03-19 16:48:02,609 [INFO] IPUIPlugin:80 - create IPUIPlugin
2025-03-19 16:48:02,610 [INFO] PluginManager:220 - loadIPPluginJar : add linkedlist
2025-03-19 16:48:02,655 [INFO] IPUIPlugin:80 - create IPUIPlugin
2025-03-19 16:48:02,656 [INFO] PluginManager:220 - loadIPPluginJar : add lorawan
2025-03-19 16:48:02,704 [INFO] IPUIPlugin:80 - create IPUIPlugin
2025-03-19 16:48:02,704 [INFO] PluginManager:220 - loadIPPluginJar : add ltdc
2025-03-19 16:48:02,722 [INFO] IPUIPlugin:80 - create IPUIPlugin
2025-03-19 16:48:02,722 [INFO] PluginManager:220 - loadIPPluginJar : add mdma
2025-03-19 16:48:02,737 [INFO] IPUIPlugin:80 - create IPUIPlugin
2025-03-19 16:48:02,737 [INFO] PluginManager:220 - loadIPPluginJar : add nvic
2025-03-19 16:48:02,787 [INFO] IPUIPlugin:80 - create IPUIPlugin
2025-03-19 16:48:02,787 [INFO] PluginManager:220 - loadIPPluginJar : add opamp
2025-03-19 16:48:02,871 [INFO] IPUIPlugin:80 - create IPUIPlugin
2025-03-19 16:48:02,871 [INFO] PluginManager:220 - loadIPPluginJar : add openamp
2025-03-19 16:48:02,926 [INFO] IPUIPlugin:80 - create IPUIPlugin
2025-03-19 16:48:02,926 [INFO] PluginManager:220 - loadIPPluginJar : add pdm2pcm
2025-03-19 16:48:02,945 [INFO] IPUIPlugin:80 - create IPUIPlugin
2025-03-19 16:48:02,947 [INFO] PluginManager:220 - loadIPPluginJar : add plateformsettings
2025-03-19 16:48:02,975 [INFO] IPUIPlugin:80 - create IPUIPlugin
2025-03-19 16:48:02,975 [INFO] PluginManager:220 - loadIPPluginJar : add quadspi
2025-03-19 16:48:03,013 [INFO] IPUIPlugin:80 - create IPUIPlugin
2025-03-19 16:48:03,013 [INFO] PluginManager:220 - loadIPPluginJar : add radio
2025-03-19 16:48:03,028 [INFO] IPUIPlugin:80 - create IPUIPlugin
2025-03-19 16:48:03,028 [INFO] PluginManager:220 - loadIPPluginJar : add resmgrutility
2025-03-19 16:48:03,089 [INFO] IPUIPlugin:80 - create IPUIPlugin
2025-03-19 16:48:03,089 [INFO] PluginManager:220 - loadIPPluginJar : add sai
2025-03-19 16:48:03,136 [INFO] IPUIPlugin:80 - create IPUIPlugin
2025-03-19 16:48:03,136 [INFO] PluginManager:220 - loadIPPluginJar : add spi
2025-03-19 16:48:03,235 [INFO] IPUIPlugin:80 - create IPUIPlugin
2025-03-19 16:48:03,235 [INFO] PluginManager:220 - loadIPPluginJar : add stm32_wpan
2025-03-19 16:48:03,269 [INFO] IPUIPlugin:80 - create IPUIPlugin
2025-03-19 16:48:03,269 [INFO] PluginManager:220 - loadIPPluginJar : add tim
2025-03-19 16:48:03,350 [INFO] IPUIPlugin:80 - create IPUIPlugin
2025-03-19 16:48:03,350 [INFO] PluginManager:220 - loadIPPluginJar : add touchsensing
2025-03-19 16:48:03,381 [INFO] IPUIPlugin:80 - create IPUIPlugin
2025-03-19 16:48:03,381 [INFO] PluginManager:220 - loadIPPluginJar : add tracer_emb
2025-03-19 16:48:03,413 [INFO] IPUIPlugin:80 - create IPUIPlugin
2025-03-19 16:48:03,413 [INFO] PluginManager:220 - loadIPPluginJar : add ts
2025-03-19 16:48:03,441 [INFO] IPUIPlugin:80 - create IPUIPlugin
2025-03-19 16:48:03,441 [INFO] PluginManager:220 - loadIPPluginJar : add tsc
2025-03-19 16:48:03,472 [INFO] IPUIPlugin:80 - create IPUIPlugin
2025-03-19 16:48:03,472 [INFO] PluginManager:220 - loadIPPluginJar : add ucpd
2025-03-19 16:48:03,484 [INFO] ThirdPartyUpdaterWithRetryManager:70 - Updater plugin not ready yet. [2/15]
2025-03-19 16:48:03,530 [INFO] IPUIPlugin:80 - create IPUIPlugin
2025-03-19 16:48:03,530 [INFO] PluginManager:220 - loadIPPluginJar : add usart
2025-03-19 16:48:03,600 [INFO] IPUIPlugin:80 - create IPUIPlugin
2025-03-19 16:48:03,600 [INFO] PluginManager:220 - loadIPPluginJar : add usbx
2025-03-19 16:48:03,730 [FATAL] Updater:351 - Updater called before beeing initialized
2025-03-19 16:48:03,751 [INFO] RulesReader:64 - Compatibility file has been processed (301 Rules)
2025-03-19 16:48:03,761 [INFO] RulesReader:64 - Compatibility file has been processed (301 Rules)
2025-03-19 16:48:03,769 [INFO] CADModel:165 - CPN selected for project level
2025-03-19 16:48:03,769 [INFO] CADModel:114 - Register for checkConnection events
2025-03-19 16:48:03,769 [FATAL] Updater:351 - Updater called before beeing initialized
2025-03-19 16:48:03,769 [ERROR] CADModel:125 - Updater not yet initialized, retry later 
2025-03-19 16:48:03,928 [FATAL] Updater:351 - Updater called before beeing initialized
2025-03-19 16:48:03,930 [INFO] CADModel:165 - CPN selected for project level
2025-03-19 16:48:03,930 [INFO] CADModel:114 - Register for checkConnection events
2025-03-19 16:48:03,930 [FATAL] Updater:351 - Updater called before beeing initialized
2025-03-19 16:48:03,930 [ERROR] CADModel:125 - Updater not yet initialized, retry later 
2025-03-19 16:48:03,932 [FATAL] Updater:351 - Updater called before beeing initialized
2025-03-19 16:48:04,026 [FATAL] Updater:351 - Updater called before beeing initialized
2025-03-19 16:48:04,038 [INFO] DbMcusAds:53 - JSON generation date=Thu Mar 06 20:24:21 IST 2025 (1741272861825)
2025-03-19 16:48:04,038 [FATAL] Updater:351 - Updater called before beeing initialized
2025-03-19 16:48:04,119 [WARN] DetailPanel:346 - Failed to get advertising image, set to default
2025-03-19 16:48:04,324 [FATAL] Updater:351 - Updater called before beeing initialized
2025-03-19 16:48:04,325 [FATAL] Updater:351 - Updater called before beeing initialized
2025-03-19 16:48:04,326 [FATAL] Updater:351 - Updater called before beeing initialized
2025-03-19 16:48:04,326 [WARN] DetailPanel:346 - Failed to get advertising image, set to default
2025-03-19 16:48:04,326 [FATAL] Updater:351 - Updater called before beeing initialized
2025-03-19 16:48:04,380 [ERROR] Updater:1198 - MainUpdater not yet initialized. External WinMGr cannot be set.
2025-03-19 16:48:04,392 [INFO] Updater:1134 - Updater Version found : 6.14.0
2025-03-19 16:48:04,411 [INFO] ApplicationProperties:184 - Using Application install path: J:\Joel\STM\STM32CubeIDE_1.17.0\STM32CubeIDE\plugins\com.st.stm32cube.common.mx_6.14.0.202502271554
2025-03-19 16:48:05,989 [ERROR] LogOutputStream:75 - [STDERR_REDIRECT] Mar 19, 2025 4:48:05 PM java.util.prefs.WindowsPreferences <init>
2025-03-19 16:48:05,990 [ERROR] LogOutputStream:75 - [STDERR_REDIRECT] WARNING: Could not open/create prefs root node Software\JavaSoft\Prefs at root 0xffffffff80000002. Windows RegCreateKeyEx(...) returned error code 5.
2025-03-19 16:48:05,990 [ERROR] LogOutputStream:75 - [STDERR_REDIRECT] 
2025-03-19 16:48:06,484 [INFO] ThirdPartyUpdaterWithRetryManager:70 - Updater plugin not ready yet. [3/15]
2025-03-19 16:48:06,850 [INFO] MainUpdater:2872 - connection check result : 10
2025-03-19 16:48:06,850 [INFO] MainUpdater:289 - Updater Check For Update Now.
2025-03-19 16:48:06,850 [INFO] MicroXplorer:498 - Change Database Version : DB.6.0.140
2025-03-19 16:48:06,867 [INFO] McuFinderGlobals:63 - Set McuFinder mode to 2 (CubeIDE integrated)
2025-03-19 16:48:06,874 [INFO] UserAuth:486 - Internet connection configuration mode: 1
2025-03-19 16:48:06,913 [INFO] JxBrowserEngine:152 - Initiate JxBrowser Engine with user profile folder
2025-03-19 16:48:07,053 [INFO] CheckServerUpdateThread:120 - End of CheckServer Thread
2025-03-19 16:48:08,319 [INFO] WebApp:169 - Instantiating new browser for Auth
2025-03-19 16:48:09,008 [INFO] WebApp:463 - Apply proxy settings
2025-03-19 16:48:09,008 [INFO] WebApp:548 - Chromium requires no authentication
2025-03-19 16:48:09,017 [INFO] WebApp:491 - Direct internet connection detected
2025-03-19 16:48:09,042 [INFO] WebApp:894 - Register for checkConnection events
2025-03-19 16:48:09,042 [INFO] WebApp:463 - Apply proxy settings
2025-03-19 16:48:09,043 [INFO] WebApp:548 - Chromium requires no authentication
2025-03-19 16:48:09,043 [INFO] WebApp:491 - Direct internet connection detected
2025-03-19 16:48:09,250 [INFO] WebApp:225 - Starting web application
2025-03-19 16:48:09,250 [INFO] WebApp:593 - Web application path used J:\Joel\STM\STM32CubeIDE_1.17.0\STM32CubeIDE\plugins\com.st.stm32cube.common.mx_6.14.0.202502271554\db\plugins\mcufinder\reactClient1\index.html
2025-03-19 16:48:09,382 [INFO] UserAuth:486 - Internet connection configuration mode: 1
2025-03-19 16:48:09,485 [INFO] WebApp:191 - Connection restablished
2025-03-19 16:48:09,736 [WARN] PackLoader:240 - Cannot read IP mode file for STMicroelectronics.FP-SNS-MOTENVWB1.1.4.0
2025-03-19 16:48:09,755 [WARN] PackLoader:240 - Cannot read IP mode file for STMicroelectronics.FP-ATR-ASTRA1.2.0.2
2025-03-19 16:48:09,771 [WARN] PackLoader:240 - Cannot read IP mode file for STMicroelectronics.FP-ATR-ASTRA1.2.0.1
2025-03-19 16:48:09,790 [WARN] PackLoader:240 - Cannot read IP mode file for STMicroelectronics.X-CUBE-SMBUS.2.1.0
2025-03-19 16:48:09,810 [WARN] PackLoader:240 - Cannot read IP mode file for STMicroelectronics.X-CUBE-WB05N.1.1.0
2025-03-19 16:48:09,849 [WARN] PackLoader:240 - Cannot read IP mode file for STMicroelectronics.X-CUBE-AZRTOS-F7.1.1.0
2025-03-19 16:48:09,868 [WARN] PackLoader:240 - Cannot read IP mode file for STMicroelectronics.FP-SNS-FLIGHT1.5.0.2
2025-03-19 16:48:09,900 [WARN] PackLoader:240 - Cannot read IP mode file for Infineon.AIROC-Wi-Fi-Bluetooth-STM32.1.7.0
2025-03-19 16:48:09,941 [WARN] PackLoader:240 - Cannot read IP mode file for STMicroelectronics.X-CUBE-DISPLAY.3.0.0
2025-03-19 16:48:09,969 [WARN] PackLoader:240 - Cannot read IP mode file for STMicroelectronics.X-CUBE-BLE1.7.0.0
2025-03-19 16:48:09,999 [WARN] PackLoader:240 - Cannot read IP mode file for STMicroelectronics.X-CUBE-NFC10.1.0.0
2025-03-19 16:48:10,028 [WARN] PackLoader:240 - Cannot read IP mode file for STMicroelectronics.X-CUBE-BLEMGR.4.0.0
2025-03-19 16:48:10,048 [WARN] PackLoader:240 - Cannot read IP mode file for emotas.I-CUBE-CANOPEN.1.3.0
2025-03-19 16:48:10,064 [WARN] ConditionMgr:438 - getConditionDescription Invalid condition id : Cortex-A Device cause : null
2025-03-19 16:48:10,089 [WARN] ConditionMgr:1044 - genDependencies : Invalid condition id : Cortex-A Device cause : null
2025-03-19 16:48:10,089 [WARN] ConditionMgr:1044 - genDependencies : Invalid condition id : Cortex-A Device cause : null
2025-03-19 16:48:10,090 [WARN] ConditionMgr:1044 - genDependencies : Invalid condition id : Cortex-A Device cause : null
2025-03-19 16:48:10,107 [WARN] PackLoader:240 - Cannot read IP mode file for STMicroelectronics.X-CUBE-AI.10.0.0
2025-03-19 16:48:10,211 [WARN] PackLoader:240 - Cannot read IP mode file for STMicroelectronics.FP-SNS-SMARTAG2.1.2.0
2025-03-19 16:48:10,226 [WARN] PackLoader:240 - Cannot read IP mode file for STMicroelectronics.FP-SNS-FLIGHT1.5.1.0
2025-03-19 16:48:10,279 [WARN] PackLoader:240 - Cannot read IP mode file for STMicroelectronics.X-CUBE-MEMS1.11.1.0
2025-03-19 16:48:10,412 [INFO] LogOutputStream:77 - [STDOUT_REDIRECT] 1 : Invalid condition id : UX_CORESTACK_Condition cause : null
2025-03-19 16:48:10,413 [INFO] LogOutputStream:77 - [STDOUT_REDIRECT] 1 : Invalid condition id : UX_CORESTACK_Condition cause : null
2025-03-19 16:48:10,415 [INFO] LogOutputStream:77 - [STDOUT_REDIRECT] 1 : Invalid condition id : UX_CORESTACK_Condition cause : null
2025-03-19 16:48:10,416 [INFO] LogOutputStream:77 - [STDOUT_REDIRECT] 1 : Invalid condition id : UX_CORESTACK_Condition cause : null
2025-03-19 16:48:10,417 [INFO] LogOutputStream:77 - [STDOUT_REDIRECT] 1 : Invalid condition id : UX_CORESTACK_Condition cause : null
2025-03-19 16:48:10,419 [WARN] PackLoader:240 - Cannot read IP mode file for STMicroelectronics.X-CUBE-AZRTOS-WL.2.0.0
2025-03-19 16:48:10,441 [WARN] PackLoader:240 - Cannot read IP mode file for STMicroelectronics.FP-SNS-MOTENV1.5.0.0
2025-03-19 16:48:10,462 [WARN] PackLoader:240 - Cannot read IP mode file for wolfSSL.I-CUBE-wolfMQTT.1.19.0
2025-03-19 16:48:10,486 [WARN] PackLoader:240 - Cannot read IP mode file for WES.I-CUBE-Cesium.1.3.0
2025-03-19 16:48:10,505 [WARN] PackLoader:240 - Cannot read IP mode file for STMicroelectronics.X-CUBE-BLE2.3.3.0
2025-03-19 16:48:10,528 [WARN] PackLoader:240 - Cannot read IP mode file for STMicroelectronics.X-CUBE-NFC9.1.0.0
2025-03-19 16:48:10,547 [WARN] PackLoader:240 - Cannot read IP mode file for STMicroelectronics.X-CUBE-BLE1.7.1.0
2025-03-19 16:48:10,563 [WARN] PackLoader:240 - Cannot read IP mode file for wolfSSL.I-CUBE-wolfMQTT.1.19.2
2025-03-19 16:48:10,604 [WARN] PackLoader:240 - Cannot read IP mode file for STMicroelectronics.X-CUBE-AZRTOS-G0.1.1.0
2025-03-19 16:48:10,632 [WARN] PackLoader:240 - Cannot read IP mode file for STMicroelectronics.X-CUBE-SAFEA1.1.2.2
2025-03-19 16:48:10,655 [WARN] PackLoader:240 - Cannot read IP mode file for STMicroelectronics.X-CUBE-NFC4.3.0.0
2025-03-19 16:48:10,679 [WARN] PackLoader:240 - Cannot read IP mode file for EmbeddedOffice.I-CUBE-FS-RTOS.1.0.1
2025-03-19 16:48:10,697 [WARN] PackLoader:240 - Cannot read IP mode file for wolfSSL.I-CUBE-wolfTPM.3.8.0
2025-03-19 16:48:10,717 [WARN] PackLoader:240 - Cannot read IP mode file for STMicroelectronics.X-CUBE-TCPP.4.2.0
2025-03-19 16:48:10,734 [WARN] PackLoader:240 - Cannot read IP mode file for RealThread.X-CUBE-RT-Thread_Nano.4.1.1
2025-03-19 16:48:10,748 [WARN] PackLoader:240 - Cannot read IP mode file for STMicroelectronics.FP-ATR-SIGFOX1.3.2.0
2025-03-19 16:48:10,762 [WARN] ConditionMgr:438 - getConditionDescription Invalid condition id : Cortex-A Device cause : null
2025-03-19 16:48:10,785 [WARN] ConditionMgr:1044 - genDependencies : Invalid condition id : Cortex-A Device cause : null
2025-03-19 16:48:10,785 [WARN] ConditionMgr:1044 - genDependencies : Invalid condition id : Cortex-A Device cause : null
2025-03-19 16:48:10,785 [WARN] ConditionMgr:1044 - genDependencies : Invalid condition id : Cortex-A Device cause : null
2025-03-19 16:48:10,801 [WARN] PackLoader:240 - Cannot read IP mode file for STMicroelectronics.X-CUBE-EEPRMA1.5.1.0
2025-03-19 16:48:10,816 [WARN] PackLoader:240 - Cannot read IP mode file for wolfSSL.I-CUBE-wolfSSL.5.7.6
2025-03-19 16:48:10,833 [WARN] PackLoader:240 - Cannot read IP mode file for ITTIA_DB.I-CUBE-ITTIADB.8.9.0
2025-03-19 16:48:10,869 [WARN] PackLoader:240 - Cannot read IP mode file for SEGGER.I-CUBE-embOS.1.3.1
2025-03-19 16:48:10,898 [WARN] PackLoader:240 - Cannot read IP mode file for STMicroelectronics.X-CUBE-ALGOBUILD.1.4.0
2025-03-19 16:48:10,929 [WARN] PackLoader:240 - Cannot read IP mode file for STMicroelectronics.X-CUBE-AZRTOS-F4.1.1.0
2025-03-19 16:48:10,952 [WARN] PackLoader:240 - Cannot read IP mode file for STMicroelectronics.X-CUBE-ISPU.2.1.0
2025-03-19 16:48:10,986 [WARN] PackLoader:240 - Cannot read IP mode file for STMicroelectronics.X-CUBE-AZRTOS-L5.2.0.0
2025-03-19 16:48:11,007 [WARN] PackLoader:240 - Cannot read IP mode file for STMicroelectronics.X-CUBE-NFC6.3.1.0
2025-03-19 16:48:11,024 [WARN] PackLoader:240 - Cannot read IP mode file for STMicroelectronics.X-CUBE-DPower.1.2.0
2025-03-19 16:48:11,042 [WARN] PackLoader:240 - Cannot read IP mode file for STMicroelectronics.X-CUBE-FREERTOS.1.3.0
2025-03-19 16:48:11,058 [WARN] PackLoader:240 - Cannot read IP mode file for STMicroelectronics.X-CUBE-NFC7.1.0.1
2025-03-19 16:48:11,097 [WARN] ConditionMgr:438 - getConditionDescription Invalid condition id : LAN8742 Phy interface Condition cause : null
2025-03-19 16:48:11,097 [WARN] PackLoader:240 - Cannot read IP mode file for STMicroelectronics.X-CUBE-AZRTOS-L4.2.0.0
2025-03-19 16:48:11,098 [WARN] ConditionMgr:1044 - genDependencies : Invalid condition id : LAN8742 Phy interface Condition cause : null
2025-03-19 16:48:11,099 [WARN] ConditionMgr:1044 - genDependencies : Invalid condition id : LAN8742 Phy interface Condition cause : null
2025-03-19 16:48:11,099 [WARN] ConditionMgr:1044 - genDependencies : Invalid condition id : LAN8742 Phy interface Condition cause : null
2025-03-19 16:48:11,123 [WARN] PackLoader:240 - Cannot read IP mode file for STMicroelectronics.X-CUBE-SFXS2LP1.4.0.0
2025-03-19 16:48:11,161 [WARN] PackLoader:240 - Cannot read IP mode file for STMicroelectronics.X-CUBE-AZRTOS-H7.3.3.0
2025-03-19 16:48:11,193 [WARN] ConditionMgr:438 - getConditionDescription Invalid condition id : UX DEVICE CLASS RTOS Condition cause : null
2025-03-19 16:48:11,197 [WARN] ConditionMgr:438 - getConditionDescription Invalid condition id : UX DEVICE CLASS RTOS Condition cause : null
2025-03-19 16:48:11,200 [WARN] PackLoader:240 - Cannot read IP mode file for STMicroelectronics.X-CUBE-AZRTOS-WB.2.0.0
2025-03-19 16:48:11,201 [WARN] ConditionMgr:1044 - genDependencies : Invalid condition id : UX DEVICE CLASS RTOS Condition cause : null
2025-03-19 16:48:11,201 [WARN] ConditionMgr:1044 - genDependencies : Invalid condition id : UX DEVICE CLASS RTOS Condition cause : null
2025-03-19 16:48:11,201 [WARN] ConditionMgr:1044 - genDependencies : Invalid condition id : UX DEVICE CLASS RTOS Condition cause : null
2025-03-19 16:48:11,202 [WARN] ConditionMgr:1044 - genDependencies : Invalid condition id : UX DEVICE CLASS RTOS Condition cause : null
2025-03-19 16:48:11,202 [WARN] ConditionMgr:1044 - genDependencies : Invalid condition id : UX DEVICE CLASS RTOS Condition cause : null
2025-03-19 16:48:11,227 [WARN] PackLoader:240 - Cannot read IP mode file for STMicroelectronics.X-CUBE-GNSS1.7.0.1
2025-03-19 16:48:11,249 [WARN] PackLoader:240 - Cannot read IP mode file for STMicroelectronics.X-CUBE-TOUCHGFX.4.25.0
2025-03-19 16:48:11,294 [WARN] PackLoader:240 - Cannot read IP mode file for STMicroelectronics.FP-SNS-STBOX1.2.0.0
2025-03-19 16:48:11,314 [WARN] PackLoader:240 - Cannot read IP mode file for STMicroelectronics.X-CUBE-SUBG2.5.0.0
2025-03-19 16:48:11,331 [WARN] PackLoader:240 - Cannot read IP mode file for Cesanta.I-CUBE-Mongoose.7.13.0
2025-03-19 16:48:11,357 [WARN] PackLoader:240 - Cannot read IP mode file for STMicroelectronics.X-CUBE-AZRTOS-G4.2.0.0
2025-03-19 16:48:11,372 [WARN] PackLoader:240 - Cannot read IP mode file for wolfSSL.I-CUBE-wolfSSH.1.4.20
2025-03-19 16:48:11,392 [WARN] PackLoader:240 - Cannot read IP mode file for STMicroelectronics.X-CUBE-IPS.3.1.0
2025-03-19 16:48:11,412 [WARN] PackLoader:240 - Cannot read IP mode file for STMicroelectronics.X-CUBE-ALS.1.0.2
2025-03-19 16:48:11,428 [WARN] PackLoader:240 - Cannot read IP mode file for STMicroelectronics.X-CUBE-TOUCHGFX.4.24.2
2025-03-19 16:48:11,445 [WARN] PackLoader:240 - Cannot read IP mode file for wolfSSL.I-CUBE-wolfTPM.3.4.0
2025-03-19 16:48:11,461 [WARN] PackLoader:240 - Cannot read IP mode file for portGmbH.I-Cube-SoM-uGOAL.1.1.0
2025-03-19 16:48:11,486 [WARN] PackLoader:240 - Cannot read IP mode file for STMicroelectronics.X-CUBE-AZRTOS-H7RS.1.0.0
2025-03-19 16:48:11,506 [WARN] PackLoader:240 - Cannot read IP mode file for STMicroelectronics.X-CUBE-TOF1.3.4.2
2025-03-19 16:48:11,523 [WARN] PackLoader:240 - Cannot read IP mode file for wolfSSL.I-CUBE-wolfSSH.1.4.17
2025-03-19 16:48:11,523 [INFO] ThirdParty:978 - Integrity check success = true
2025-03-19 16:48:11,524 [INFO] IntegrityCheckThread:100 - exiting critical section [integrity check]
2025-03-19 16:48:11,524 [INFO] IntegrityCheckThread:103 - End integrity checks thread
